<?xml version="1.0" encoding="UTF-8"?>
<coverage generated="1727895172659" clover="3.2.0">
  <project timestamp="1727895172659" name="All files">
    <metrics statements="178" coveredstatements="161" conditionals="66" coveredconditionals="55" methods="51" coveredmethods="49" elements="295" coveredelements="265" complexity="0" loc="178" ncloc="178" packages="1" files="5" classes="5"/>
    <file name="Category.ts" path="/Users/beasanssi/Desktop/1dv610/L2/src/Category.ts">
      <metrics statements="13" coveredstatements="12" conditionals="5" coveredconditionals="4" methods="4" coveredmethods="4"/>
      <line num="11" count="1" type="stmt"/>
      <line num="14" count="1" type="stmt"/>
      <line num="35" count="7" type="stmt"/>
      <line num="48" count="7" type="cond" truecount="3" falsecount="0"/>
      <line num="49" count="1" type="stmt"/>
      <line num="53" count="6" type="cond" truecount="1" falsecount="0"/>
      <line num="54" count="1" type="stmt"/>
      <line num="57" count="5" type="stmt"/>
      <line num="67" count="1" type="cond" truecount="0" falsecount="1"/>
      <line num="68" count="0" type="stmt"/>
      <line num="73" count="1" type="stmt"/>
      <line num="74" count="1" type="stmt"/>
      <line num="83" count="2" type="stmt"/>
    </file>
    <file name="NotificationSystem.ts" path="/Users/beasanssi/Desktop/1dv610/L2/src/NotificationSystem.ts">
      <metrics statements="31" coveredstatements="28" conditionals="23" coveredconditionals="21" methods="5" coveredmethods="4"/>
      <line num="10" count="2" type="stmt"/>
      <line num="21" count="18" type="stmt"/>
      <line num="22" count="18" type="stmt"/>
      <line num="34" count="22" type="cond" truecount="6" falsecount="2"/>
      <line num="36" count="1" type="stmt"/>
      <line num="38" count="17" type="stmt"/>
      <line num="40" count="1" type="stmt"/>
      <line num="42" count="1" type="stmt"/>
      <line num="44" count="1" type="stmt"/>
      <line num="46" count="0" type="stmt"/>
      <line num="48" count="0" type="stmt"/>
      <line num="50" count="1" type="stmt"/>
      <line num="60" count="4" type="stmt"/>
      <line num="61" count="4" type="stmt"/>
      <line num="83" count="18" type="cond" truecount="1" falsecount="0"/>
      <line num="87" count="1" type="stmt"/>
      <line num="90" count="17" type="cond" truecount="1" falsecount="0"/>
      <line num="94" count="1" type="stmt"/>
      <line num="97" count="16" type="cond" truecount="1" falsecount="0"/>
      <line num="101" count="1" type="stmt"/>
      <line num="104" count="15" type="cond" truecount="1" falsecount="0"/>
      <line num="108" count="1" type="stmt"/>
      <line num="111" count="14" type="cond" truecount="1" falsecount="0"/>
      <line num="115" count="1" type="stmt"/>
      <line num="119" count="13" type="stmt"/>
      <line num="120" count="13" type="stmt"/>
      <line num="121" count="13" type="stmt"/>
      <line num="122" count="13" type="stmt"/>
      <line num="123" count="13" type="stmt"/>
      <line num="124" count="13" type="stmt"/>
      <line num="133" count="0" type="stmt"/>
    </file>
    <file name="Task.ts" path="/Users/beasanssi/Desktop/1dv610/L2/src/Task.ts">
      <metrics statements="50" coveredstatements="48" conditionals="13" coveredconditionals="12" methods="21" coveredmethods="20"/>
      <line num="11" count="2" type="stmt"/>
      <line num="22" count="2" type="stmt"/>
      <line num="28" count="2" type="stmt"/>
      <line num="53" count="23" type="stmt"/>
      <line num="54" count="23" type="stmt"/>
      <line num="55" count="23" type="stmt"/>
      <line num="58" count="22" type="stmt"/>
      <line num="59" count="22" type="stmt"/>
      <line num="60" count="21" type="stmt"/>
      <line num="61" count="21" type="stmt"/>
      <line num="62" count="20" type="stmt"/>
      <line num="64" count="19" type="stmt"/>
      <line num="76" count="111" type="cond" truecount="3" falsecount="0"/>
      <line num="77" count="1" type="stmt"/>
      <line num="88" count="23" type="cond" truecount="1" falsecount="0"/>
      <line num="89" count="1" type="stmt"/>
      <line num="102" count="20" type="cond" truecount="1" falsecount="0"/>
      <line num="103" count="1" type="stmt"/>
      <line num="116" count="21" type="cond" truecount="3" falsecount="0"/>
      <line num="117" count="1" type="stmt"/>
      <line num="128" count="1" type="cond" truecount="2" falsecount="0"/>
      <line num="137" count="1" type="cond" truecount="1" falsecount="0"/>
      <line num="138" count="1" type="stmt"/>
      <line num="140" count="1" type="stmt"/>
      <line num="149" count="1" type="cond" truecount="1" falsecount="0"/>
      <line num="150" count="1" type="stmt"/>
      <line num="152" count="1" type="stmt"/>
      <line num="161" count="1" type="cond" truecount="0" falsecount="1"/>
      <line num="162" count="0" type="stmt"/>
      <line num="164" count="1" type="stmt"/>
      <line num="171" count="1" type="stmt"/>
      <line num="178" count="1" type="stmt"/>
      <line num="185" count="0" type="stmt"/>
      <line num="194" count="23" type="stmt"/>
      <line num="195" count="23" type="stmt"/>
      <line num="204" count="23" type="stmt"/>
      <line num="205" count="23" type="stmt"/>
      <line num="216" count="23" type="stmt"/>
      <line num="217" count="22" type="stmt"/>
      <line num="226" count="22" type="stmt"/>
      <line num="227" count="22" type="stmt"/>
      <line num="236" count="22" type="stmt"/>
      <line num="237" count="21" type="stmt"/>
      <line num="246" count="21" type="stmt"/>
      <line num="247" count="21" type="stmt"/>
      <line num="256" count="21" type="stmt"/>
      <line num="257" count="20" type="stmt"/>
      <line num="266" count="20" type="stmt"/>
      <line num="267" count="19" type="stmt"/>
      <line num="277" count="5" type="stmt"/>
    </file>
    <file name="TaskManager.ts" path="/Users/beasanssi/Desktop/1dv610/L2/src/TaskManager.ts">
      <metrics statements="62" coveredstatements="55" conditionals="24" coveredconditionals="17" methods="16" coveredmethods="16"/>
      <line num="11" count="1" type="stmt"/>
      <line num="15" count="1" type="stmt"/>
      <line num="22" count="9" type="stmt"/>
      <line num="29" count="9" type="stmt"/>
      <line num="30" count="9" type="stmt"/>
      <line num="41" count="10" type="cond" truecount="3" falsecount="0"/>
      <line num="42" count="1" type="stmt"/>
      <line num="45" count="9" type="cond" truecount="0" falsecount="1"/>
      <line num="46" count="0" type="stmt"/>
      <line num="49" count="9" type="stmt"/>
      <line num="52" count="9" type="cond" truecount="1" falsecount="0"/>
      <line num="53" count="1" type="stmt"/>
      <line num="57" count="8" type="stmt"/>
      <line num="59" count="8" type="stmt"/>
      <line num="72" count="8" type="cond" truecount="0" falsecount="1"/>
      <line num="73" count="0" type="stmt"/>
      <line num="75" count="8" type="stmt"/>
      <line num="76" count="8" type="stmt"/>
      <line num="77" count="8" type="stmt"/>
      <line num="78" count="8" type="stmt"/>
      <line num="79" count="8" type="stmt"/>
      <line num="93" count="1" type="stmt"/>
      <line num="94" count="1" type="cond" truecount="1" falsecount="1"/>
      <line num="97" count="1" type="cond" truecount="0" falsecount="1"/>
      <line num="98" count="0" type="stmt"/>
      <line num="100" count="1" type="stmt"/>
      <line num="101" count="1" type="stmt"/>
      <line num="102" count="1" type="stmt"/>
      <line num="113" count="1" type="stmt"/>
      <line num="114" count="1" type="cond" truecount="1" falsecount="1"/>
      <line num="115" count="0" type="stmt"/>
      <line num="116" count="1" type="cond" truecount="1" falsecount="0"/>
      <line num="117" count="1" type="stmt"/>
      <line num="118" count="1" type="stmt"/>
      <line num="120" count="1" type="stmt"/>
      <line num="121" count="1" type="stmt"/>
      <line num="129" count="2" type="cond" truecount="1" falsecount="0"/>
      <line num="130" count="1" type="stmt"/>
      <line num="131" count="1" type="stmt"/>
      <line num="134" count="1" type="stmt"/>
      <line num="135" count="2" type="stmt"/>
      <line num="150" count="12" type="cond" truecount="2" falsecount="1"/>
      <line num="151" count="0" type="stmt"/>
      <line num="155" count="0" type="stmt"/>
      <line num="158" count="12" type="stmt"/>
      <line num="174" count="9" type="cond" truecount="3" falsecount="1"/>
      <line num="175" count="9" type="stmt"/>
      <line num="177" count="0" type="stmt"/>
      <line num="188" count="1" type="stmt"/>
      <line num="189" count="1" type="stmt"/>
      <line num="190" count="1" type="stmt"/>
      <line num="192" count="1" type="cond" truecount="3" falsecount="0"/>
      <line num="193" count="1" type="stmt"/>
      <line num="194" count="1" type="stmt"/>
      <line num="195" count="1" type="stmt"/>
      <line num="207" count="1" type="stmt"/>
      <line num="208" count="1" type="stmt"/>
      <line num="209" count="1" type="stmt"/>
      <line num="212" count="1" type="cond" truecount="1" falsecount="0"/>
      <line num="213" count="1" type="stmt"/>
      <line num="214" count="1" type="stmt"/>
      <line num="215" count="1" type="stmt"/>
    </file>
    <file name="User.ts" path="/Users/beasanssi/Desktop/1dv610/L2/src/User.ts">
      <metrics statements="22" coveredstatements="18" conditionals="1" coveredconditionals="1" methods="5" coveredmethods="5"/>
      <line num="10" count="2" type="stmt"/>
      <line num="11" count="2" type="stmt"/>
      <line num="13" count="2" type="stmt"/>
      <line num="29" count="19" type="stmt"/>
      <line num="30" count="19" type="stmt"/>
      <line num="31" count="19" type="stmt"/>
      <line num="32" count="19" type="stmt"/>
      <line num="42" count="2" type="stmt"/>
      <line num="53" count="2" type="cond" truecount="1" falsecount="0"/>
      <line num="54" count="1" type="stmt"/>
      <line num="58" count="1" type="stmt"/>
      <line num="59" count="1" type="stmt"/>
      <line num="60" count="1" type="stmt"/>
      <line num="61" count="1" type="stmt"/>
      <line num="62" count="1" type="stmt"/>
      <line num="66" count="0" type="stmt"/>
      <line num="67" count="0" type="stmt"/>
      <line num="79" count="2" type="stmt"/>
      <line num="80" count="2" type="stmt"/>
      <line num="82" count="0" type="stmt"/>
      <line num="83" count="0" type="stmt"/>
      <line num="93" count="2" type="stmt"/>
    </file>
  </project>
</coverage>
