<?xml version="1.0" encoding="UTF-8"?>
<coverage generated="1727858917026" clover="3.2.0">
  <project timestamp="1727858917026" name="All files">
    <metrics statements="167" coveredstatements="150" conditionals="63" coveredconditionals="52" methods="49" coveredmethods="47" elements="279" coveredelements="249" complexity="0" loc="167" ncloc="167" packages="1" files="5" classes="5"/>
    <file name="Category.ts" path="/Users/beasanssi/Desktop/1dv610/L2/Task Management System/Category.ts">
      <metrics statements="13" coveredstatements="12" conditionals="5" coveredconditionals="4" methods="4" coveredmethods="4"/>
      <line num="11" count="1" type="stmt"/>
      <line num="14" count="1" type="stmt"/>
      <line num="26" count="7" type="stmt"/>
      <line num="39" count="7" type="cond" truecount="3" falsecount="0"/>
      <line num="40" count="1" type="stmt"/>
      <line num="44" count="6" type="cond" truecount="1" falsecount="0"/>
      <line num="45" count="1" type="stmt"/>
      <line num="48" count="5" type="stmt"/>
      <line num="58" count="1" type="cond" truecount="0" falsecount="1"/>
      <line num="59" count="0" type="stmt"/>
      <line num="62" count="1" type="stmt"/>
      <line num="63" count="1" type="stmt"/>
      <line num="72" count="2" type="stmt"/>
    </file>
    <file name="NotificationSystem.ts" path="/Users/beasanssi/Desktop/1dv610/L2/Task Management System/NotificationSystem.ts">
      <metrics statements="25" coveredstatements="23" conditionals="19" coveredconditionals="18" methods="3" coveredmethods="2"/>
      <line num="10" count="2" type="stmt"/>
      <line num="20" count="2" type="stmt"/>
      <line num="33" count="21" type="cond" truecount="2" falsecount="1"/>
      <line num="34" count="0" type="stmt"/>
      <line num="38" count="21" type="cond" truecount="1" falsecount="0"/>
      <line num="39" count="1" type="stmt"/>
      <line num="42" count="20" type="stmt"/>
      <line num="43" count="20" type="stmt"/>
      <line num="59" count="18" type="cond" truecount="3" falsecount="0"/>
      <line num="60" count="1" type="stmt"/>
      <line num="63" count="17" type="cond" truecount="3" falsecount="0"/>
      <line num="64" count="1" type="stmt"/>
      <line num="67" count="16" type="cond" truecount="3" falsecount="0"/>
      <line num="68" count="1" type="stmt"/>
      <line num="71" count="15" type="cond" truecount="3" falsecount="0"/>
      <line num="72" count="1" type="stmt"/>
      <line num="75" count="14" type="cond" truecount="3" falsecount="0"/>
      <line num="76" count="1" type="stmt"/>
      <line num="80" count="13" type="stmt"/>
      <line num="81" count="13" type="stmt"/>
      <line num="82" count="13" type="stmt"/>
      <line num="83" count="13" type="stmt"/>
      <line num="84" count="13" type="stmt"/>
      <line num="85" count="13" type="stmt"/>
      <line num="94" count="0" type="stmt"/>
    </file>
    <file name="Task.ts" path="/Users/beasanssi/Desktop/1dv610/L2/Task Management System/Task.ts">
      <metrics statements="50" coveredstatements="48" conditionals="13" coveredconditionals="12" methods="21" coveredmethods="20"/>
      <line num="11" count="2" type="stmt"/>
      <line num="22" count="2" type="stmt"/>
      <line num="23" count="2" type="stmt"/>
      <line num="49" count="23" type="stmt"/>
      <line num="50" count="23" type="stmt"/>
      <line num="51" count="23" type="stmt"/>
      <line num="52" count="22" type="stmt"/>
      <line num="53" count="22" type="stmt"/>
      <line num="54" count="21" type="stmt"/>
      <line num="55" count="21" type="stmt"/>
      <line num="56" count="20" type="stmt"/>
      <line num="58" count="19" type="stmt"/>
      <line num="70" count="111" type="cond" truecount="3" falsecount="0"/>
      <line num="71" count="1" type="stmt"/>
      <line num="82" count="23" type="cond" truecount="1" falsecount="0"/>
      <line num="83" count="1" type="stmt"/>
      <line num="94" count="20" type="cond" truecount="1" falsecount="0"/>
      <line num="95" count="1" type="stmt"/>
      <line num="106" count="21" type="cond" truecount="3" falsecount="0"/>
      <line num="107" count="1" type="stmt"/>
      <line num="118" count="1" type="cond" truecount="2" falsecount="0"/>
      <line num="127" count="1" type="cond" truecount="1" falsecount="0"/>
      <line num="128" count="1" type="stmt"/>
      <line num="130" count="1" type="stmt"/>
      <line num="139" count="1" type="cond" truecount="1" falsecount="0"/>
      <line num="140" count="1" type="stmt"/>
      <line num="142" count="1" type="stmt"/>
      <line num="151" count="1" type="cond" truecount="0" falsecount="1"/>
      <line num="152" count="0" type="stmt"/>
      <line num="154" count="1" type="stmt"/>
      <line num="161" count="1" type="stmt"/>
      <line num="168" count="1" type="stmt"/>
      <line num="175" count="0" type="stmt"/>
      <line num="184" count="23" type="stmt"/>
      <line num="185" count="23" type="stmt"/>
      <line num="194" count="23" type="stmt"/>
      <line num="195" count="23" type="stmt"/>
      <line num="204" count="23" type="stmt"/>
      <line num="205" count="22" type="stmt"/>
      <line num="214" count="22" type="stmt"/>
      <line num="215" count="22" type="stmt"/>
      <line num="224" count="22" type="stmt"/>
      <line num="225" count="21" type="stmt"/>
      <line num="234" count="21" type="stmt"/>
      <line num="235" count="21" type="stmt"/>
      <line num="244" count="21" type="stmt"/>
      <line num="245" count="20" type="stmt"/>
      <line num="254" count="20" type="stmt"/>
      <line num="255" count="19" type="stmt"/>
      <line num="265" count="4" type="stmt"/>
    </file>
    <file name="TaskManager.ts" path="/Users/beasanssi/Desktop/1dv610/L2/Task Management System/TaskManager.ts">
      <metrics statements="57" coveredstatements="49" conditionals="25" coveredconditionals="17" methods="16" coveredmethods="16"/>
      <line num="11" count="1" type="stmt"/>
      <line num="15" count="1" type="stmt"/>
      <line num="22" count="9" type="stmt"/>
      <line num="29" count="9" type="stmt"/>
      <line num="40" count="10" type="cond" truecount="3" falsecount="0"/>
      <line num="41" count="1" type="stmt"/>
      <line num="44" count="9" type="cond" truecount="0" falsecount="1"/>
      <line num="45" count="0" type="stmt"/>
      <line num="48" count="9" type="stmt"/>
      <line num="51" count="9" type="cond" truecount="1" falsecount="0"/>
      <line num="52" count="1" type="stmt"/>
      <line num="56" count="8" type="stmt"/>
      <line num="59" count="8" type="stmt"/>
      <line num="72" count="8" type="cond" truecount="0" falsecount="1"/>
      <line num="73" count="0" type="stmt"/>
      <line num="75" count="8" type="stmt"/>
      <line num="76" count="8" type="stmt"/>
      <line num="77" count="8" type="stmt"/>
      <line num="78" count="8" type="stmt"/>
      <line num="79" count="8" type="stmt"/>
      <line num="89" count="9" type="cond" truecount="3" falsecount="1"/>
      <line num="90" count="9" type="stmt"/>
      <line num="92" count="0" type="stmt"/>
      <line num="104" count="1" type="stmt"/>
      <line num="105" count="1" type="cond" truecount="1" falsecount="1"/>
      <line num="106" count="0" type="stmt"/>
      <line num="108" count="1" type="cond" truecount="1" falsecount="0"/>
      <line num="109" count="1" type="stmt"/>
      <line num="111" count="1" type="stmt"/>
      <line num="123" count="1" type="cond" truecount="1" falsecount="1"/>
      <line num="125" count="1" type="cond" truecount="0" falsecount="1"/>
      <line num="126" count="0" type="stmt"/>
      <line num="129" count="1" type="stmt"/>
      <line num="143" count="12" type="cond" truecount="2" falsecount="1"/>
      <line num="144" count="0" type="stmt"/>
      <line num="145" count="0" type="stmt"/>
      <line num="148" count="12" type="stmt"/>
      <line num="151" count="12" type="cond" truecount="0" falsecount="1"/>
      <line num="152" count="0" type="stmt"/>
      <line num="156" count="12" type="stmt"/>
      <line num="157" count="12" type="stmt"/>
      <line num="173" count="1" type="stmt"/>
      <line num="174" count="1" type="stmt"/>
      <line num="175" count="1" type="stmt"/>
      <line num="177" count="1" type="cond" truecount="3" falsecount="0"/>
      <line num="178" count="1" type="stmt"/>
      <line num="179" count="1" type="stmt"/>
      <line num="189" count="1" type="stmt"/>
      <line num="190" count="1" type="stmt"/>
      <line num="191" count="1" type="stmt"/>
      <line num="194" count="1" type="cond" truecount="1" falsecount="0"/>
      <line num="195" count="1" type="stmt"/>
      <line num="204" count="2" type="cond" truecount="1" falsecount="0"/>
      <line num="205" count="1" type="stmt"/>
      <line num="206" count="1" type="stmt"/>
      <line num="209" count="1" type="stmt"/>
      <line num="210" count="2" type="stmt"/>
    </file>
    <file name="User.ts" path="/Users/beasanssi/Desktop/1dv610/L2/Task Management System/User.ts">
      <metrics statements="22" coveredstatements="18" conditionals="1" coveredconditionals="1" methods="5" coveredmethods="5"/>
      <line num="10" count="2" type="stmt"/>
      <line num="11" count="2" type="stmt"/>
      <line num="13" count="2" type="stmt"/>
      <line num="30" count="19" type="stmt"/>
      <line num="31" count="19" type="stmt"/>
      <line num="32" count="19" type="stmt"/>
      <line num="33" count="19" type="stmt"/>
      <line num="43" count="2" type="stmt"/>
      <line num="54" count="2" type="cond" truecount="1" falsecount="0"/>
      <line num="55" count="1" type="stmt"/>
      <line num="59" count="1" type="stmt"/>
      <line num="60" count="1" type="stmt"/>
      <line num="61" count="1" type="stmt"/>
      <line num="62" count="1" type="stmt"/>
      <line num="63" count="1" type="stmt"/>
      <line num="65" count="0" type="stmt"/>
      <line num="66" count="0" type="stmt"/>
      <line num="78" count="2" type="stmt"/>
      <line num="79" count="2" type="stmt"/>
      <line num="81" count="0" type="stmt"/>
      <line num="82" count="0" type="stmt"/>
      <line num="92" count="2" type="stmt"/>
    </file>
  </project>
</coverage>
