{
  "/Users/beasanssi/Desktop/1dv610/L2/Task Management System/Category.ts": {
    "path": "/Users/beasanssi/Desktop/1dv610/L2/Task Management System/Category.ts",
    "statementMap": {
      "0": {
        "start": { "line": 26, "column": 4 },
        "end": { "line": 26, "column": 48 }
      },
      "1": {
        "start": { "line": 39, "column": 4 },
        "end": { "line": 41, "column": 5 }
      },
      "2": {
        "start": { "line": 40, "column": 6 },
        "end": { "line": 40, "column": 56 }
      },
      "3": {
        "start": { "line": 44, "column": 4 },
        "end": { "line": 46, "column": 5 }
      },
      "4": {
        "start": { "line": 45, "column": 6 },
        "end": { "line": 45, "column": 48 }
      },
      "5": {
        "start": { "line": 48, "column": 4 },
        "end": { "line": 48, "column": 16 }
      },
      "6": {
        "start": { "line": 58, "column": 4 },
        "end": { "line": 60, "column": 5 }
      },
      "7": {
        "start": { "line": 59, "column": 6 },
        "end": { "line": 59, "column": 101 }
      },
      "8": {
        "start": { "line": 62, "column": 4 },
        "end": { "line": 62, "column": 24 }
      },
      "9": {
        "start": { "line": 63, "column": 4 },
        "end": { "line": 63, "column": 58 }
      },
      "10": {
        "start": { "line": 72, "column": 4 },
        "end": { "line": 72, "column": 21 }
      },
      "11": {
        "start": { "line": 11, "column": 0 },
        "end": { "line": 11, "column": 13 }
      },
      "12": {
        "start": { "line": 14, "column": 17 },
        "end": { "line": 17, "column": 48 }
      }
    },
    "fnMap": {
      "0": {
        "name": "(anonymous_0)",
        "decl": {
          "start": { "line": 25, "column": 2 },
          "end": { "line": 25, "column": 14 }
        },
        "loc": {
          "start": { "line": 25, "column": 26 },
          "end": { "line": 27, "column": 3 }
        }
      },
      "1": {
        "name": "(anonymous_1)",
        "decl": {
          "start": { "line": 38, "column": 10 },
          "end": { "line": 38, "column": 30 }
        },
        "loc": {
          "start": { "line": 38, "column": 43 },
          "end": { "line": 49, "column": 3 }
        }
      },
      "2": {
        "name": "(anonymous_2)",
        "decl": {
          "start": { "line": 57, "column": 9 },
          "end": { "line": 57, "column": 24 }
        },
        "loc": {
          "start": { "line": 57, "column": 40 },
          "end": { "line": 64, "column": 3 }
        }
      },
      "3": {
        "name": "(anonymous_3)",
        "decl": {
          "start": { "line": 71, "column": 2 },
          "end": { "line": 71, "column": 10 }
        },
        "loc": {
          "start": { "line": 71, "column": 10 },
          "end": { "line": 73, "column": 3 }
        }
      }
    },
    "branchMap": {
      "0": {
        "loc": {
          "start": { "line": 39, "column": 4 },
          "end": { "line": 41, "column": 5 }
        },
        "type": "if",
        "locations": [
          {
            "start": { "line": 39, "column": 4 },
            "end": { "line": 41, "column": 5 }
          }
        ]
      },
      "1": {
        "loc": {
          "start": { "line": 39, "column": 8 },
          "end": { "line": 39, "column": 41 }
        },
        "type": "binary-expr",
        "locations": [
          {
            "start": { "line": 39, "column": 8 },
            "end": { "line": 39, "column": 13 }
          },
          {
            "start": { "line": 39, "column": 17 },
            "end": { "line": 39, "column": 41 }
          }
        ]
      },
      "2": {
        "loc": {
          "start": { "line": 44, "column": 4 },
          "end": { "line": 46, "column": 5 }
        },
        "type": "if",
        "locations": [
          {
            "start": { "line": 44, "column": 4 },
            "end": { "line": 46, "column": 5 }
          }
        ]
      },
      "3": {
        "loc": {
          "start": { "line": 58, "column": 4 },
          "end": { "line": 60, "column": 5 }
        },
        "type": "if",
        "locations": [
          {
            "start": { "line": 58, "column": 4 },
            "end": { "line": 60, "column": 5 }
          }
        ]
      }
    },
    "s": {
      "0": 7,
      "1": 7,
      "2": 1,
      "3": 6,
      "4": 1,
      "5": 5,
      "6": 1,
      "7": 0,
      "8": 1,
      "9": 1,
      "10": 2,
      "11": 1,
      "12": 1
    },
    "f": { "0": 7, "1": 7, "2": 1, "3": 2 },
    "b": { "0": [1], "1": [7, 6], "2": [1], "3": [0] }
  },
  "/Users/beasanssi/Desktop/1dv610/L2/Task Management System/NotificationSystem.ts": {
    "path": "/Users/beasanssi/Desktop/1dv610/L2/Task Management System/NotificationSystem.ts",
    "statementMap": {
      "0": {
        "start": { "line": 10, "column": 13 },
        "end": { "line": 18, "column": null }
      },
      "1": {
        "start": { "line": 33, "column": 4 },
        "end": { "line": 35, "column": 5 }
      },
      "2": {
        "start": { "line": 34, "column": 6 },
        "end": { "line": 34, "column": 50 }
      },
      "3": {
        "start": { "line": 38, "column": 4 },
        "end": { "line": 40, "column": 5 }
      },
      "4": {
        "start": { "line": 39, "column": 6 },
        "end": { "line": 39, "column": 103 }
      },
      "5": {
        "start": { "line": 42, "column": 4 },
        "end": { "line": 42, "column": 27 }
      },
      "6": {
        "start": { "line": 43, "column": 4 },
        "end": { "line": 43, "column": 21 }
      },
      "7": {
        "start": { "line": 59, "column": 4 },
        "end": { "line": 61, "column": 5 }
      },
      "8": {
        "start": { "line": 60, "column": 6 },
        "end": { "line": 60, "column": 52 }
      },
      "9": {
        "start": { "line": 63, "column": 4 },
        "end": { "line": 65, "column": 5 }
      },
      "10": {
        "start": { "line": 64, "column": 6 },
        "end": { "line": 64, "column": 53 }
      },
      "11": {
        "start": { "line": 67, "column": 4 },
        "end": { "line": 69, "column": 5 }
      },
      "12": {
        "start": { "line": 68, "column": 6 },
        "end": { "line": 68, "column": 51 }
      },
      "13": {
        "start": { "line": 71, "column": 4 },
        "end": { "line": 73, "column": 5 }
      },
      "14": {
        "start": { "line": 72, "column": 6 },
        "end": { "line": 72, "column": 52 }
      },
      "15": {
        "start": { "line": 75, "column": 4 },
        "end": { "line": 77, "column": 5 }
      },
      "16": {
        "start": { "line": 76, "column": 6 },
        "end": { "line": 76, "column": 72 }
      },
      "17": {
        "start": { "line": 80, "column": 4 },
        "end": { "line": 80, "column": null }
      },
      "18": {
        "start": { "line": 81, "column": 4 },
        "end": { "line": 81, "column": null }
      },
      "19": {
        "start": { "line": 82, "column": 4 },
        "end": { "line": 82, "column": null }
      },
      "20": {
        "start": { "line": 83, "column": 4 },
        "end": { "line": 83, "column": null }
      },
      "21": {
        "start": { "line": 84, "column": 4 },
        "end": { "line": 84, "column": null }
      },
      "22": {
        "start": { "line": 85, "column": 4 },
        "end": { "line": 85, "column": null }
      },
      "23": {
        "start": { "line": 94, "column": 4 },
        "end": { "line": 94, "column": 21 }
      },
      "24": {
        "start": { "line": 20, "column": 0 },
        "end": { "line": 20, "column": 13 }
      }
    },
    "fnMap": {
      "0": {
        "name": "(anonymous_0)",
        "decl": {
          "start": { "line": 31, "column": 2 },
          "end": { "line": 31, "column": 14 }
        },
        "loc": {
          "start": { "line": 31, "column": 62 },
          "end": { "line": 44, "column": 3 }
        }
      },
      "1": {
        "name": "(anonymous_1)",
        "decl": {
          "start": { "line": 57, "column": 2 },
          "end": { "line": 57, "column": 18 }
        },
        "loc": {
          "start": { "line": 57, "column": 132 },
          "end": { "line": 86, "column": 3 }
        }
      },
      "2": {
        "name": "(anonymous_2)",
        "decl": {
          "start": { "line": 93, "column": 2 },
          "end": { "line": 93, "column": 10 }
        },
        "loc": {
          "start": { "line": 93, "column": 10 },
          "end": { "line": 95, "column": 3 }
        }
      }
    },
    "branchMap": {
      "0": {
        "loc": {
          "start": { "line": 33, "column": 4 },
          "end": { "line": 35, "column": 5 }
        },
        "type": "if",
        "locations": [
          {
            "start": { "line": 33, "column": 4 },
            "end": { "line": 35, "column": 5 }
          }
        ]
      },
      "1": {
        "loc": {
          "start": { "line": 33, "column": 8 },
          "end": { "line": 33, "column": 47 }
        },
        "type": "binary-expr",
        "locations": [
          {
            "start": { "line": 33, "column": 8 },
            "end": { "line": 33, "column": 16 }
          },
          {
            "start": { "line": 33, "column": 20 },
            "end": { "line": 33, "column": 47 }
          }
        ]
      },
      "2": {
        "loc": {
          "start": { "line": 38, "column": 4 },
          "end": { "line": 40, "column": 5 }
        },
        "type": "if",
        "locations": [
          {
            "start": { "line": 38, "column": 4 },
            "end": { "line": 40, "column": 5 }
          }
        ]
      },
      "3": {
        "loc": {
          "start": { "line": 59, "column": 4 },
          "end": { "line": 61, "column": 5 }
        },
        "type": "if",
        "locations": [
          {
            "start": { "line": 59, "column": 4 },
            "end": { "line": 61, "column": 5 }
          }
        ]
      },
      "4": {
        "loc": {
          "start": { "line": 59, "column": 8 },
          "end": { "line": 59, "column": 91 }
        },
        "type": "binary-expr",
        "locations": [
          {
            "start": { "line": 59, "column": 8 },
            "end": { "line": 59, "column": 38 }
          },
          {
            "start": { "line": 59, "column": 42 },
            "end": { "line": 59, "column": 91 }
          }
        ]
      },
      "5": {
        "loc": {
          "start": { "line": 63, "column": 4 },
          "end": { "line": 65, "column": 5 }
        },
        "type": "if",
        "locations": [
          {
            "start": { "line": 63, "column": 4 },
            "end": { "line": 65, "column": 5 }
          }
        ]
      },
      "6": {
        "loc": {
          "start": { "line": 63, "column": 8 },
          "end": { "line": 63, "column": 91 }
        },
        "type": "binary-expr",
        "locations": [
          {
            "start": { "line": 63, "column": 8 },
            "end": { "line": 63, "column": 38 }
          },
          {
            "start": { "line": 63, "column": 42 },
            "end": { "line": 63, "column": 91 }
          }
        ]
      },
      "7": {
        "loc": {
          "start": { "line": 67, "column": 4 },
          "end": { "line": 69, "column": 5 }
        },
        "type": "if",
        "locations": [
          {
            "start": { "line": 67, "column": 4 },
            "end": { "line": 69, "column": 5 }
          }
        ]
      },
      "8": {
        "loc": {
          "start": { "line": 67, "column": 8 },
          "end": { "line": 67, "column": 89 }
        },
        "type": "binary-expr",
        "locations": [
          {
            "start": { "line": 67, "column": 8 },
            "end": { "line": 67, "column": 37 }
          },
          {
            "start": { "line": 67, "column": 41 },
            "end": { "line": 67, "column": 89 }
          }
        ]
      },
      "9": {
        "loc": {
          "start": { "line": 71, "column": 4 },
          "end": { "line": 73, "column": 5 }
        },
        "type": "if",
        "locations": [
          {
            "start": { "line": 71, "column": 4 },
            "end": { "line": 73, "column": 5 }
          }
        ]
      },
      "10": {
        "loc": {
          "start": { "line": 71, "column": 8 },
          "end": { "line": 71, "column": 89 }
        },
        "type": "binary-expr",
        "locations": [
          {
            "start": { "line": 71, "column": 8 },
            "end": { "line": 71, "column": 37 }
          },
          {
            "start": { "line": 71, "column": 41 },
            "end": { "line": 71, "column": 89 }
          }
        ]
      },
      "11": {
        "loc": {
          "start": { "line": 75, "column": 4 },
          "end": { "line": 77, "column": 5 }
        },
        "type": "if",
        "locations": [
          {
            "start": { "line": 75, "column": 4 },
            "end": { "line": 77, "column": 5 }
          }
        ]
      },
      "12": {
        "loc": {
          "start": { "line": 75, "column": 8 },
          "end": { "line": 75, "column": 86 }
        },
        "type": "binary-expr",
        "locations": [
          {
            "start": { "line": 75, "column": 8 },
            "end": { "line": 75, "column": 37 }
          },
          {
            "start": { "line": 75, "column": 41 },
            "end": { "line": 75, "column": 86 }
          }
        ]
      }
    },
    "s": {
      "0": 2,
      "1": 21,
      "2": 0,
      "3": 21,
      "4": 1,
      "5": 20,
      "6": 20,
      "7": 18,
      "8": 1,
      "9": 17,
      "10": 1,
      "11": 16,
      "12": 1,
      "13": 15,
      "14": 1,
      "15": 14,
      "16": 1,
      "17": 13,
      "18": 13,
      "19": 13,
      "20": 13,
      "21": 13,
      "22": 13,
      "23": 0,
      "24": 2
    },
    "f": { "0": 21, "1": 18, "2": 0 },
    "b": {
      "0": [0],
      "1": [21, 21],
      "2": [1],
      "3": [1],
      "4": [18, 17],
      "5": [1],
      "6": [17, 16],
      "7": [1],
      "8": [16, 15],
      "9": [1],
      "10": [15, 14],
      "11": [1],
      "12": [14, 14]
    }
  },
  "/Users/beasanssi/Desktop/1dv610/L2/Task Management System/Task.ts": {
    "path": "/Users/beasanssi/Desktop/1dv610/L2/Task Management System/Task.ts",
    "statementMap": {
      "0": {
        "start": { "line": 49, "column": 4 },
        "end": { "line": 49, "column": 27 }
      },
      "1": {
        "start": { "line": 50, "column": 4 },
        "end": { "line": 50, "column": 31 }
      },
      "2": {
        "start": { "line": 51, "column": 4 },
        "end": { "line": 51, "column": 82 }
      },
      "3": {
        "start": { "line": 52, "column": 4 },
        "end": { "line": 52, "column": 27 }
      },
      "4": {
        "start": { "line": 53, "column": 4 },
        "end": { "line": 53, "column": 25 }
      },
      "5": {
        "start": { "line": 54, "column": 4 },
        "end": { "line": 54, "column": 37 }
      },
      "6": {
        "start": { "line": 55, "column": 4 },
        "end": { "line": 55, "column": 31 }
      },
      "7": {
        "start": { "line": 56, "column": 4 },
        "end": { "line": 56, "column": 74 }
      },
      "8": {
        "start": { "line": 58, "column": 4 },
        "end": { "line": 58, "column": 31 }
      },
      "9": {
        "start": { "line": 70, "column": 4 },
        "end": { "line": 72, "column": 5 }
      },
      "10": {
        "start": { "line": 71, "column": 6 },
        "end": { "line": 71, "column": 55 }
      },
      "11": {
        "start": { "line": 82, "column": 4 },
        "end": { "line": 84, "column": 5 }
      },
      "12": {
        "start": { "line": 83, "column": 6 },
        "end": { "line": 83, "column": 113 }
      },
      "13": {
        "start": { "line": 94, "column": 4 },
        "end": { "line": 96, "column": 5 }
      },
      "14": {
        "start": { "line": 95, "column": 6 },
        "end": { "line": 95, "column": 105 }
      },
      "15": {
        "start": { "line": 106, "column": 4 },
        "end": { "line": 108, "column": 5 }
      },
      "16": {
        "start": { "line": 107, "column": 6 },
        "end": { "line": 107, "column": 72 }
      },
      "17": {
        "start": { "line": 118, "column": 4 },
        "end": { "line": 118, "column": 72 }
      },
      "18": {
        "start": { "line": 127, "column": 4 },
        "end": { "line": 129, "column": 5 }
      },
      "19": {
        "start": { "line": 128, "column": 6 },
        "end": { "line": 128, "column": 29 }
      },
      "20": {
        "start": { "line": 130, "column": 4 },
        "end": { "line": 130, "column": 39 }
      },
      "21": {
        "start": { "line": 139, "column": 4 },
        "end": { "line": 141, "column": 5 }
      },
      "22": {
        "start": { "line": 140, "column": 6 },
        "end": { "line": 140, "column": 30 }
      },
      "23": {
        "start": { "line": 142, "column": 4 },
        "end": { "line": 142, "column": 41 }
      },
      "24": {
        "start": { "line": 151, "column": 4 },
        "end": { "line": 153, "column": 5 }
      },
      "25": {
        "start": { "line": 152, "column": 6 },
        "end": { "line": 152, "column": 30 }
      },
      "26": {
        "start": { "line": 154, "column": 4 },
        "end": { "line": 154, "column": 41 }
      },
      "27": {
        "start": { "line": 161, "column": 4 },
        "end": { "line": 161, "column": null }
      },
      "28": {
        "start": { "line": 168, "column": 4 },
        "end": { "line": 168, "column": null }
      },
      "29": {
        "start": { "line": 175, "column": 4 },
        "end": { "line": 175, "column": null }
      },
      "30": {
        "start": { "line": 184, "column": 4 },
        "end": { "line": 184, "column": 45 }
      },
      "31": {
        "start": { "line": 185, "column": 4 },
        "end": { "line": 185, "column": null }
      },
      "32": {
        "start": { "line": 194, "column": 4 },
        "end": { "line": 194, "column": 48 }
      },
      "33": {
        "start": { "line": 195, "column": 4 },
        "end": { "line": 195, "column": null }
      },
      "34": {
        "start": { "line": 204, "column": 4 },
        "end": { "line": 204, "column": 36 }
      },
      "35": {
        "start": { "line": 205, "column": 4 },
        "end": { "line": 205, "column": null }
      },
      "36": {
        "start": { "line": 214, "column": 4 },
        "end": { "line": 214, "column": 44 }
      },
      "37": {
        "start": { "line": 215, "column": 4 },
        "end": { "line": 215, "column": null }
      },
      "38": {
        "start": { "line": 224, "column": 4 },
        "end": { "line": 224, "column": 42 }
      },
      "39": {
        "start": { "line": 225, "column": 4 },
        "end": { "line": 225, "column": null }
      },
      "40": {
        "start": { "line": 234, "column": 4 },
        "end": { "line": 234, "column": 54 }
      },
      "41": {
        "start": { "line": 235, "column": 4 },
        "end": { "line": 235, "column": null }
      },
      "42": {
        "start": { "line": 244, "column": 4 },
        "end": { "line": 244, "column": 36 }
      },
      "43": {
        "start": { "line": 245, "column": 4 },
        "end": { "line": 245, "column": null }
      },
      "44": {
        "start": { "line": 254, "column": 4 },
        "end": { "line": 254, "column": 32 }
      },
      "45": {
        "start": { "line": 255, "column": 4 },
        "end": { "line": 255, "column": null }
      },
      "46": {
        "start": { "line": 265, "column": 4 },
        "end": { "line": 273, "column": 35 }
      },
      "47": {
        "start": { "line": 11, "column": 0 },
        "end": { "line": 11, "column": 13 }
      },
      "48": {
        "start": { "line": 22, "column": 17 },
        "end": { "line": 22, "column": null }
      },
      "49": {
        "start": { "line": 23, "column": 17 },
        "end": { "line": 23, "column": null }
      }
    },
    "fnMap": {
      "0": {
        "name": "(anonymous_0)",
        "decl": {
          "start": { "line": 37, "column": 2 },
          "end": { "line": 37, "column": null }
        },
        "loc": {
          "start": { "line": 46, "column": 19 },
          "end": { "line": 59, "column": 3 }
        }
      },
      "1": {
        "name": "(anonymous_1)",
        "decl": {
          "start": { "line": 69, "column": 10 },
          "end": { "line": 69, "column": 26 }
        },
        "loc": {
          "start": { "line": 69, "column": 59 },
          "end": { "line": 73, "column": 3 }
        }
      },
      "2": {
        "name": "(anonymous_2)",
        "decl": {
          "start": { "line": 81, "column": 10 },
          "end": { "line": 81, "column": 26 }
        },
        "loc": {
          "start": { "line": 81, "column": 43 },
          "end": { "line": 85, "column": 3 }
        }
      },
      "3": {
        "name": "(anonymous_3)",
        "decl": {
          "start": { "line": 93, "column": 10 },
          "end": { "line": 93, "column": 24 }
        },
        "loc": {
          "start": { "line": 93, "column": 39 },
          "end": { "line": 97, "column": 3 }
        }
      },
      "4": {
        "name": "(anonymous_4)",
        "decl": {
          "start": { "line": 105, "column": 10 },
          "end": { "line": 105, "column": 26 }
        },
        "loc": {
          "start": { "line": 105, "column": 41 },
          "end": { "line": 109, "column": 3 }
        }
      },
      "5": {
        "name": "(anonymous_5)",
        "decl": {
          "start": { "line": 117, "column": 9 },
          "end": { "line": 117, "column": 19 }
        },
        "loc": {
          "start": { "line": 117, "column": 19 },
          "end": { "line": 119, "column": 3 }
        }
      },
      "6": {
        "name": "(anonymous_6)",
        "decl": {
          "start": { "line": 126, "column": 9 },
          "end": { "line": 126, "column": 21 }
        },
        "loc": {
          "start": { "line": 126, "column": 21 },
          "end": { "line": 131, "column": 3 }
        }
      },
      "7": {
        "name": "(anonymous_7)",
        "decl": {
          "start": { "line": 138, "column": 9 },
          "end": { "line": 138, "column": 19 }
        },
        "loc": {
          "start": { "line": 138, "column": 19 },
          "end": { "line": 143, "column": 3 }
        }
      },
      "8": {
        "name": "(anonymous_8)",
        "decl": {
          "start": { "line": 150, "column": 9 },
          "end": { "line": 150, "column": 19 }
        },
        "loc": {
          "start": { "line": 150, "column": 19 },
          "end": { "line": 155, "column": 3 }
        }
      },
      "9": {
        "name": "(anonymous_9)",
        "decl": {
          "start": { "line": 160, "column": 10 },
          "end": { "line": 160, "column": 25 }
        },
        "loc": {
          "start": { "line": 160, "column": 25 },
          "end": { "line": 162, "column": 3 }
        }
      },
      "10": {
        "name": "(anonymous_10)",
        "decl": {
          "start": { "line": 167, "column": 10 },
          "end": { "line": 167, "column": 26 }
        },
        "loc": {
          "start": { "line": 167, "column": 26 },
          "end": { "line": 169, "column": 3 }
        }
      },
      "11": {
        "name": "(anonymous_11)",
        "decl": {
          "start": { "line": 174, "column": 10 },
          "end": { "line": 174, "column": 26 }
        },
        "loc": {
          "start": { "line": 174, "column": 26 },
          "end": { "line": 176, "column": 3 }
        }
      },
      "12": {
        "name": "(anonymous_12)",
        "decl": {
          "start": { "line": 183, "column": 10 },
          "end": { "line": 183, "column": 19 }
        },
        "loc": {
          "start": { "line": 183, "column": 34 },
          "end": { "line": 186, "column": 3 }
        }
      },
      "13": {
        "name": "(anonymous_13)",
        "decl": {
          "start": { "line": 193, "column": 10 },
          "end": { "line": 193, "column": 21 }
        },
        "loc": {
          "start": { "line": 193, "column": 38 },
          "end": { "line": 196, "column": 3 }
        }
      },
      "14": {
        "name": "(anonymous_14)",
        "decl": {
          "start": { "line": 203, "column": 10 },
          "end": { "line": 203, "column": 17 }
        },
        "loc": {
          "start": { "line": 203, "column": 79 },
          "end": { "line": 206, "column": 3 }
        }
      },
      "15": {
        "name": "(anonymous_15)",
        "decl": {
          "start": { "line": 213, "column": 10 },
          "end": { "line": 213, "column": 19 }
        },
        "loc": {
          "start": { "line": 213, "column": 34 },
          "end": { "line": 216, "column": 3 }
        }
      },
      "16": {
        "name": "(anonymous_16)",
        "decl": {
          "start": { "line": 223, "column": 10 },
          "end": { "line": 223, "column": 18 }
        },
        "loc": {
          "start": { "line": 223, "column": 32 },
          "end": { "line": 226, "column": 3 }
        }
      },
      "17": {
        "name": "(anonymous_17)",
        "decl": {
          "start": { "line": 233, "column": 10 },
          "end": { "line": 233, "column": 24 }
        },
        "loc": {
          "start": { "line": 233, "column": 44 },
          "end": { "line": 236, "column": 3 }
        }
      },
      "18": {
        "name": "(anonymous_18)",
        "decl": {
          "start": { "line": 243, "column": 10 },
          "end": { "line": 243, "column": 21 }
        },
        "loc": {
          "start": { "line": 243, "column": 36 },
          "end": { "line": 246, "column": 3 }
        }
      },
      "19": {
        "name": "(anonymous_19)",
        "decl": {
          "start": { "line": 253, "column": 10 },
          "end": { "line": 253, "column": 19 }
        },
        "loc": {
          "start": { "line": 253, "column": 71 },
          "end": { "line": 256, "column": 3 }
        }
      },
      "20": {
        "name": "(anonymous_20)",
        "decl": {
          "start": { "line": 264, "column": 2 },
          "end": { "line": 264, "column": 10 }
        },
        "loc": {
          "start": { "line": 264, "column": 10 },
          "end": { "line": 274, "column": 3 }
        }
      }
    },
    "branchMap": {
      "0": {
        "loc": {
          "start": { "line": 70, "column": 4 },
          "end": { "line": 72, "column": 5 }
        },
        "type": "if",
        "locations": [
          {
            "start": { "line": 70, "column": 4 },
            "end": { "line": 72, "column": 5 }
          }
        ]
      },
      "1": {
        "loc": {
          "start": { "line": 70, "column": 8 },
          "end": { "line": 70, "column": 43 }
        },
        "type": "binary-expr",
        "locations": [
          {
            "start": { "line": 70, "column": 8 },
            "end": { "line": 70, "column": 14 }
          },
          {
            "start": { "line": 70, "column": 18 },
            "end": { "line": 70, "column": 43 }
          }
        ]
      },
      "2": {
        "loc": {
          "start": { "line": 82, "column": 4 },
          "end": { "line": 84, "column": 5 }
        },
        "type": "if",
        "locations": [
          {
            "start": { "line": 82, "column": 4 },
            "end": { "line": 84, "column": 5 }
          }
        ]
      },
      "3": {
        "loc": {
          "start": { "line": 94, "column": 4 },
          "end": { "line": 96, "column": 5 }
        },
        "type": "if",
        "locations": [
          {
            "start": { "line": 94, "column": 4 },
            "end": { "line": 96, "column": 5 }
          }
        ]
      },
      "4": {
        "loc": {
          "start": { "line": 106, "column": 4 },
          "end": { "line": 108, "column": 5 }
        },
        "type": "if",
        "locations": [
          {
            "start": { "line": 106, "column": 4 },
            "end": { "line": 108, "column": 5 }
          }
        ]
      },
      "5": {
        "loc": {
          "start": { "line": 106, "column": 8 },
          "end": { "line": 106, "column": 64 }
        },
        "type": "binary-expr",
        "locations": [
          {
            "start": { "line": 106, "column": 8 },
            "end": { "line": 106, "column": 35 }
          },
          {
            "start": { "line": 106, "column": 39 },
            "end": { "line": 106, "column": 64 }
          }
        ]
      },
      "6": {
        "loc": {
          "start": { "line": 118, "column": 11 },
          "end": { "line": 118, "column": 71 }
        },
        "type": "binary-expr",
        "locations": [
          {
            "start": { "line": 118, "column": 11 },
            "end": { "line": 118, "column": 40 }
          },
          {
            "start": { "line": 118, "column": 44 },
            "end": { "line": 118, "column": 71 }
          }
        ]
      },
      "7": {
        "loc": {
          "start": { "line": 127, "column": 4 },
          "end": { "line": 129, "column": 5 }
        },
        "type": "if",
        "locations": [
          {
            "start": { "line": 127, "column": 4 },
            "end": { "line": 129, "column": 5 }
          }
        ]
      },
      "8": {
        "loc": {
          "start": { "line": 139, "column": 4 },
          "end": { "line": 141, "column": 5 }
        },
        "type": "if",
        "locations": [
          {
            "start": { "line": 139, "column": 4 },
            "end": { "line": 141, "column": 5 }
          }
        ]
      },
      "9": {
        "loc": {
          "start": { "line": 151, "column": 4 },
          "end": { "line": 153, "column": 5 }
        },
        "type": "if",
        "locations": [
          {
            "start": { "line": 151, "column": 4 },
            "end": { "line": 153, "column": 5 }
          }
        ]
      }
    },
    "s": {
      "0": 23,
      "1": 23,
      "2": 23,
      "3": 22,
      "4": 22,
      "5": 21,
      "6": 21,
      "7": 20,
      "8": 19,
      "9": 111,
      "10": 1,
      "11": 23,
      "12": 1,
      "13": 20,
      "14": 1,
      "15": 21,
      "16": 1,
      "17": 1,
      "18": 1,
      "19": 1,
      "20": 1,
      "21": 1,
      "22": 1,
      "23": 1,
      "24": 1,
      "25": 0,
      "26": 1,
      "27": 1,
      "28": 1,
      "29": 0,
      "30": 23,
      "31": 23,
      "32": 23,
      "33": 23,
      "34": 23,
      "35": 22,
      "36": 22,
      "37": 22,
      "38": 22,
      "39": 21,
      "40": 21,
      "41": 21,
      "42": 21,
      "43": 20,
      "44": 20,
      "45": 19,
      "46": 4,
      "47": 2,
      "48": 2,
      "49": 2
    },
    "f": {
      "0": 23,
      "1": 111,
      "2": 23,
      "3": 20,
      "4": 21,
      "5": 1,
      "6": 1,
      "7": 1,
      "8": 1,
      "9": 1,
      "10": 1,
      "11": 0,
      "12": 23,
      "13": 23,
      "14": 23,
      "15": 22,
      "16": 22,
      "17": 21,
      "18": 21,
      "19": 20,
      "20": 4
    },
    "b": {
      "0": [1],
      "1": [111, 110],
      "2": [1],
      "3": [1],
      "4": [1],
      "5": [21, 21],
      "6": [1, 1],
      "7": [1],
      "8": [1],
      "9": [0]
    }
  },
  "/Users/beasanssi/Desktop/1dv610/L2/Task Management System/TaskManager.ts": {
    "path": "/Users/beasanssi/Desktop/1dv610/L2/Task Management System/TaskManager.ts",
    "statementMap": {
      "0": {
        "start": { "line": 11, "column": 0 },
        "end": { "line": 11, "column": 71 }
      },
      "1": {
        "start": { "line": 22, "column": 10 },
        "end": { "line": 22, "column": null }
      },
      "2": {
        "start": { "line": 29, "column": 4 },
        "end": { "line": 29, "column": null }
      },
      "3": {
        "start": { "line": 40, "column": 4 },
        "end": { "line": 42, "column": 5 }
      },
      "4": {
        "start": { "line": 41, "column": 6 },
        "end": { "line": 41, "column": 80 }
      },
      "5": {
        "start": { "line": 44, "column": 4 },
        "end": { "line": 46, "column": 5 }
      },
      "6": {
        "start": { "line": 45, "column": 6 },
        "end": { "line": 45, "column": 57 }
      },
      "7": {
        "start": { "line": 48, "column": 4 },
        "end": { "line": 48, "column": 60 }
      },
      "8": {
        "start": { "line": 51, "column": 4 },
        "end": { "line": 53, "column": 5 }
      },
      "9": {
        "start": { "line": 51, "column": 29 },
        "end": { "line": 51, "column": 53 }
      },
      "10": {
        "start": { "line": 52, "column": 6 },
        "end": { "line": 52, "column": 75 }
      },
      "11": {
        "start": { "line": 56, "column": 4 },
        "end": { "line": 56, "column": null }
      },
      "12": {
        "start": { "line": 59, "column": 4 },
        "end": { "line": 59, "column": null }
      },
      "13": {
        "start": { "line": 72, "column": 4 },
        "end": { "line": 74, "column": 5 }
      },
      "14": {
        "start": { "line": 73, "column": 6 },
        "end": { "line": 73, "column": 57 }
      },
      "15": {
        "start": { "line": 75, "column": 4 },
        "end": { "line": 75, "column": 27 }
      },
      "16": {
        "start": { "line": 76, "column": 4 },
        "end": { "line": 76, "column": 31 }
      },
      "17": {
        "start": { "line": 77, "column": 4 },
        "end": { "line": 77, "column": 29 }
      },
      "18": {
        "start": { "line": 78, "column": 4 },
        "end": { "line": 78, "column": null }
      },
      "19": {
        "start": { "line": 79, "column": 4 },
        "end": { "line": 79, "column": 82 }
      },
      "20": {
        "start": { "line": 89, "column": 4 },
        "end": { "line": 93, "column": 5 }
      },
      "21": {
        "start": { "line": 90, "column": 6 },
        "end": { "line": 90, "column": 29 }
      },
      "22": {
        "start": { "line": 92, "column": 8 },
        "end": { "line": 92, "column": 52 }
      },
      "23": {
        "start": { "line": 104, "column": 24 },
        "end": { "line": 104, "column": 71 }
      },
      "24": {
        "start": { "line": 104, "column": 48 },
        "end": { "line": 104, "column": 70 }
      },
      "25": {
        "start": { "line": 105, "column": 4 },
        "end": { "line": 110, "column": 5 }
      },
      "26": {
        "start": { "line": 106, "column": 6 },
        "end": { "line": 106, "column": 59 }
      },
      "27": {
        "start": { "line": 108, "column": 9 },
        "end": { "line": 110, "column": 5 }
      },
      "28": {
        "start": { "line": 109, "column": 6 },
        "end": { "line": 109, "column": null }
      },
      "29": {
        "start": { "line": 111, "column": 4 },
        "end": { "line": 111, "column": null }
      },
      "30": {
        "start": { "line": 111, "column": 43 },
        "end": { "line": 111, "column": 65 }
      },
      "31": {
        "start": { "line": 123, "column": 4 },
        "end": { "line": 123, "column": null }
      },
      "32": {
        "start": { "line": 123, "column": 40 },
        "end": { "line": 123, "column": 83 }
      },
      "33": {
        "start": { "line": 125, "column": 4 },
        "end": { "line": 127, "column": 5 }
      },
      "34": {
        "start": { "line": 125, "column": 33 },
        "end": { "line": 125, "column": 55 }
      },
      "35": {
        "start": { "line": 126, "column": 6 },
        "end": { "line": 126, "column": 59 }
      },
      "36": {
        "start": { "line": 129, "column": 4 },
        "end": { "line": 129, "column": null }
      },
      "37": {
        "start": { "line": 143, "column": 4 },
        "end": { "line": 146, "column": 5 }
      },
      "38": {
        "start": { "line": 144, "column": 6 },
        "end": { "line": 144, "column": 82 }
      },
      "39": {
        "start": { "line": 145, "column": 6 },
        "end": { "line": 145, "column": 13 }
      },
      "40": {
        "start": { "line": 148, "column": 32 },
        "end": { "line": 148, "column": 62 }
      },
      "41": {
        "start": { "line": 151, "column": 4 },
        "end": { "line": 153, "column": 5 }
      },
      "42": {
        "start": { "line": 152, "column": 6 },
        "end": { "line": 152, "column": 86 }
      },
      "43": {
        "start": { "line": 156, "column": 4 },
        "end": { "line": 156, "column": 92 }
      },
      "44": {
        "start": { "line": 157, "column": 4 },
        "end": { "line": 163, "column": 7 }
      },
      "45": {
        "start": { "line": 173, "column": 20 },
        "end": { "line": 173, "column": 43 }
      },
      "46": {
        "start": { "line": 174, "column": 16 },
        "end": { "line": 174, "column": 36 }
      },
      "47": {
        "start": { "line": 175, "column": 29 },
        "end": { "line": 175, "column": 63 }
      },
      "48": {
        "start": { "line": 177, "column": 4 },
        "end": { "line": 180, "column": 5 }
      },
      "49": {
        "start": { "line": 178, "column": 30 },
        "end": { "line": 178, "column": 58 }
      },
      "50": {
        "start": { "line": 179, "column": 6 },
        "end": { "line": 179, "column": 78 }
      },
      "51": {
        "start": { "line": 189, "column": 20 },
        "end": { "line": 189, "column": 43 }
      },
      "52": {
        "start": { "line": 190, "column": 16 },
        "end": { "line": 190, "column": 36 }
      },
      "53": {
        "start": { "line": 191, "column": 25 },
        "end": { "line": 191, "column": 58 }
      },
      "54": {
        "start": { "line": 194, "column": 4 },
        "end": { "line": 196, "column": 5 }
      },
      "55": {
        "start": { "line": 195, "column": 6 },
        "end": { "line": 195, "column": null }
      },
      "56": {
        "start": { "line": 204, "column": 4 },
        "end": { "line": 207, "column": 5 }
      },
      "57": {
        "start": { "line": 205, "column": 6 },
        "end": { "line": 205, "column": 41 }
      },
      "58": {
        "start": { "line": 206, "column": 6 },
        "end": { "line": 206, "column": 13 }
      },
      "59": {
        "start": { "line": 209, "column": 4 },
        "end": { "line": 211, "column": 7 }
      },
      "60": {
        "start": { "line": 210, "column": 6 },
        "end": { "line": 210, "column": 35 }
      },
      "61": {
        "start": { "line": 15, "column": 0 },
        "end": { "line": 15, "column": 13 }
      }
    },
    "fnMap": {
      "0": {
        "name": "(anonymous_0)",
        "decl": {
          "start": { "line": 28, "column": 2 },
          "end": { "line": 28, "column": null }
        },
        "loc": {
          "start": { "line": 28, "column": 2 },
          "end": { "line": 30, "column": 3 }
        }
      },
      "1": {
        "name": "(anonymous_1)",
        "decl": {
          "start": { "line": 39, "column": 2 },
          "end": { "line": 39, "column": 12 }
        },
        "loc": {
          "start": { "line": 39, "column": 23 },
          "end": { "line": 60, "column": 3 }
        }
      },
      "2": {
        "name": "(anonymous_2)",
        "decl": {
          "start": { "line": 51, "column": 24 },
          "end": { "line": 51, "column": 25 }
        },
        "loc": {
          "start": { "line": 51, "column": 29 },
          "end": { "line": 51, "column": 53 }
        }
      },
      "3": {
        "name": "(anonymous_3)",
        "decl": {
          "start": { "line": 71, "column": 2 },
          "end": { "line": 71, "column": 21 }
        },
        "loc": {
          "start": { "line": 71, "column": 62 },
          "end": { "line": 80, "column": 3 }
        }
      },
      "4": {
        "name": "(anonymous_4)",
        "decl": {
          "start": { "line": 88, "column": 2 },
          "end": { "line": 88, "column": 12 }
        },
        "loc": {
          "start": { "line": 88, "column": 26 },
          "end": { "line": 94, "column": 3 }
        }
      },
      "5": {
        "name": "(anonymous_5)",
        "decl": {
          "start": { "line": 103, "column": 2 },
          "end": { "line": 103, "column": 12 }
        },
        "loc": {
          "start": { "line": 103, "column": 27 },
          "end": { "line": 112, "column": 3 }
        }
      },
      "6": {
        "name": "(anonymous_6)",
        "decl": {
          "start": { "line": 104, "column": 40 },
          "end": { "line": 104, "column": 44 }
        },
        "loc": {
          "start": { "line": 104, "column": 48 },
          "end": { "line": 104, "column": 70 }
        }
      },
      "7": {
        "name": "(anonymous_7)",
        "decl": {
          "start": { "line": 111, "column": 35 },
          "end": { "line": 111, "column": 39 }
        },
        "loc": {
          "start": { "line": 111, "column": 43 },
          "end": { "line": 111, "column": 65 }
        }
      },
      "8": {
        "name": "(anonymous_8)",
        "decl": {
          "start": { "line": 122, "column": 2 },
          "end": { "line": 122, "column": 12 }
        },
        "loc": {
          "start": { "line": 122, "column": 46 },
          "end": { "line": 130, "column": 3 }
        }
      },
      "9": {
        "name": "(anonymous_9)",
        "decl": {
          "start": { "line": 123, "column": 32 },
          "end": { "line": 123, "column": 36 }
        },
        "loc": {
          "start": { "line": 123, "column": 40 },
          "end": { "line": 123, "column": 83 }
        }
      },
      "10": {
        "name": "(anonymous_10)",
        "decl": {
          "start": { "line": 125, "column": 25 },
          "end": { "line": 125, "column": 29 }
        },
        "loc": {
          "start": { "line": 125, "column": 33 },
          "end": { "line": 125, "column": 55 }
        }
      },
      "11": {
        "name": "(anonymous_11)",
        "decl": {
          "start": { "line": 142, "column": 2 },
          "end": { "line": 142, "column": 15 }
        },
        "loc": {
          "start": { "line": 142, "column": 103 },
          "end": { "line": 164, "column": 3 }
        }
      },
      "12": {
        "name": "(anonymous_12)",
        "decl": {
          "start": { "line": 172, "column": 2 },
          "end": { "line": 172, "column": 26 }
        },
        "loc": {
          "start": { "line": 172, "column": 37 },
          "end": { "line": 181, "column": 3 }
        }
      },
      "13": {
        "name": "(anonymous_13)",
        "decl": {
          "start": { "line": 188, "column": 2 },
          "end": { "line": 188, "column": 26 }
        },
        "loc": {
          "start": { "line": 188, "column": 37 },
          "end": { "line": 197, "column": 3 }
        }
      },
      "14": {
        "name": "(anonymous_14)",
        "decl": {
          "start": { "line": 203, "column": 2 },
          "end": { "line": 203, "column": 11 }
        },
        "loc": {
          "start": { "line": 203, "column": 11 },
          "end": { "line": 212, "column": 3 }
        }
      },
      "15": {
        "name": "(anonymous_15)",
        "decl": {
          "start": { "line": 209, "column": 23 },
          "end": { "line": 209, "column": 27 }
        },
        "loc": {
          "start": { "line": 209, "column": 30 },
          "end": { "line": 211, "column": 5 }
        }
      }
    },
    "branchMap": {
      "0": {
        "loc": {
          "start": { "line": 40, "column": 4 },
          "end": { "line": 42, "column": 5 }
        },
        "type": "if",
        "locations": [
          {
            "start": { "line": 40, "column": 4 },
            "end": { "line": 42, "column": 5 }
          }
        ]
      },
      "1": {
        "loc": {
          "start": { "line": 40, "column": 8 },
          "end": { "line": 40, "column": 38 }
        },
        "type": "binary-expr",
        "locations": [
          {
            "start": { "line": 40, "column": 8 },
            "end": { "line": 40, "column": 21 }
          },
          {
            "start": { "line": 40, "column": 25 },
            "end": { "line": 40, "column": 38 }
          }
        ]
      },
      "2": {
        "loc": {
          "start": { "line": 44, "column": 4 },
          "end": { "line": 46, "column": 5 }
        },
        "type": "if",
        "locations": [
          {
            "start": { "line": 44, "column": 4 },
            "end": { "line": 46, "column": 5 }
          }
        ]
      },
      "3": {
        "loc": {
          "start": { "line": 51, "column": 4 },
          "end": { "line": 53, "column": 5 }
        },
        "type": "if",
        "locations": [
          {
            "start": { "line": 51, "column": 4 },
            "end": { "line": 53, "column": 5 }
          }
        ]
      },
      "4": {
        "loc": {
          "start": { "line": 72, "column": 4 },
          "end": { "line": 74, "column": 5 }
        },
        "type": "if",
        "locations": [
          {
            "start": { "line": 72, "column": 4 },
            "end": { "line": 74, "column": 5 }
          }
        ]
      },
      "5": {
        "loc": {
          "start": { "line": 89, "column": 4 },
          "end": { "line": 93, "column": 5 }
        },
        "type": "if",
        "locations": [
          {
            "start": { "line": 89, "column": 4 },
            "end": { "line": 93, "column": 5 }
          },
          {
            "start": { "line": 91, "column": 11 },
            "end": { "line": 93, "column": 5 }
          }
        ]
      },
      "6": {
        "loc": {
          "start": { "line": 89, "column": 8 },
          "end": { "line": 89, "column": 31 }
        },
        "type": "binary-expr",
        "locations": [
          {
            "start": { "line": 89, "column": 8 },
            "end": { "line": 89, "column": 15 }
          },
          {
            "start": { "line": 89, "column": 19 },
            "end": { "line": 89, "column": 31 }
          }
        ]
      },
      "7": {
        "loc": {
          "start": { "line": 105, "column": 4 },
          "end": { "line": 110, "column": 5 }
        },
        "type": "if",
        "locations": [
          {
            "start": { "line": 105, "column": 4 },
            "end": { "line": 110, "column": 5 }
          },
          {
            "start": { "line": 108, "column": 9 },
            "end": { "line": 110, "column": 5 }
          }
        ]
      },
      "8": {
        "loc": {
          "start": { "line": 108, "column": 9 },
          "end": { "line": 110, "column": 5 }
        },
        "type": "if",
        "locations": [
          {
            "start": { "line": 108, "column": 9 },
            "end": { "line": 110, "column": 5 }
          }
        ]
      },
      "9": {
        "loc": {
          "start": { "line": 123, "column": 40 },
          "end": { "line": 123, "column": 83 }
        },
        "type": "cond-expr",
        "locations": [
          {
            "start": { "line": 123, "column": 65 },
            "end": { "line": 123, "column": 76 }
          },
          {
            "start": { "line": 123, "column": 79 },
            "end": { "line": 123, "column": 83 }
          }
        ]
      },
      "10": {
        "loc": {
          "start": { "line": 125, "column": 4 },
          "end": { "line": 127, "column": 5 }
        },
        "type": "if",
        "locations": [
          {
            "start": { "line": 125, "column": 4 },
            "end": { "line": 127, "column": 5 }
          }
        ]
      },
      "11": {
        "loc": {
          "start": { "line": 143, "column": 4 },
          "end": { "line": 146, "column": 5 }
        },
        "type": "if",
        "locations": [
          {
            "start": { "line": 143, "column": 4 },
            "end": { "line": 146, "column": 5 }
          }
        ]
      },
      "12": {
        "loc": {
          "start": { "line": 143, "column": 8 },
          "end": { "line": 143, "column": 33 }
        },
        "type": "binary-expr",
        "locations": [
          {
            "start": { "line": 143, "column": 8 },
            "end": { "line": 143, "column": 16 }
          },
          {
            "start": { "line": 143, "column": 20 },
            "end": { "line": 143, "column": 33 }
          }
        ]
      },
      "13": {
        "loc": {
          "start": { "line": 151, "column": 4 },
          "end": { "line": 153, "column": 5 }
        },
        "type": "if",
        "locations": [
          {
            "start": { "line": 151, "column": 4 },
            "end": { "line": 153, "column": 5 }
          }
        ]
      },
      "14": {
        "loc": {
          "start": { "line": 177, "column": 4 },
          "end": { "line": 180, "column": 5 }
        },
        "type": "if",
        "locations": [
          {
            "start": { "line": 177, "column": 4 },
            "end": { "line": 180, "column": 5 }
          }
        ]
      },
      "15": {
        "loc": {
          "start": { "line": 177, "column": 8 },
          "end": { "line": 177, "column": 64 }
        },
        "type": "binary-expr",
        "locations": [
          {
            "start": { "line": 177, "column": 8 },
            "end": { "line": 177, "column": 26 }
          },
          {
            "start": { "line": 177, "column": 30 },
            "end": { "line": 177, "column": 64 }
          }
        ]
      },
      "16": {
        "loc": {
          "start": { "line": 194, "column": 4 },
          "end": { "line": 196, "column": 5 }
        },
        "type": "if",
        "locations": [
          {
            "start": { "line": 194, "column": 4 },
            "end": { "line": 196, "column": 5 }
          }
        ]
      },
      "17": {
        "loc": {
          "start": { "line": 204, "column": 4 },
          "end": { "line": 207, "column": 5 }
        },
        "type": "if",
        "locations": [
          {
            "start": { "line": 204, "column": 4 },
            "end": { "line": 207, "column": 5 }
          }
        ]
      }
    },
    "s": {
      "0": 1,
      "1": 9,
      "2": 9,
      "3": 10,
      "4": 1,
      "5": 9,
      "6": 0,
      "7": 9,
      "8": 9,
      "9": 2,
      "10": 1,
      "11": 8,
      "12": 8,
      "13": 8,
      "14": 0,
      "15": 8,
      "16": 8,
      "17": 8,
      "18": 8,
      "19": 8,
      "20": 9,
      "21": 9,
      "22": 0,
      "23": 1,
      "24": 1,
      "25": 1,
      "26": 0,
      "27": 1,
      "28": 1,
      "29": 1,
      "30": 1,
      "31": 1,
      "32": 1,
      "33": 1,
      "34": 1,
      "35": 0,
      "36": 1,
      "37": 12,
      "38": 0,
      "39": 0,
      "40": 12,
      "41": 12,
      "42": 0,
      "43": 12,
      "44": 12,
      "45": 1,
      "46": 1,
      "47": 1,
      "48": 1,
      "49": 1,
      "50": 1,
      "51": 1,
      "52": 1,
      "53": 1,
      "54": 1,
      "55": 1,
      "56": 2,
      "57": 1,
      "58": 1,
      "59": 1,
      "60": 2,
      "61": 1
    },
    "f": {
      "0": 9,
      "1": 10,
      "2": 2,
      "3": 8,
      "4": 9,
      "5": 1,
      "6": 1,
      "7": 1,
      "8": 1,
      "9": 1,
      "10": 1,
      "11": 12,
      "12": 1,
      "13": 1,
      "14": 2,
      "15": 2
    },
    "b": {
      "0": [1],
      "1": [10, 10],
      "2": [0],
      "3": [1],
      "4": [0],
      "5": [9, 0],
      "6": [9, 9],
      "7": [0, 1],
      "8": [1],
      "9": [1, 0],
      "10": [0],
      "11": [0],
      "12": [12, 12],
      "13": [0],
      "14": [1],
      "15": [1, 1],
      "16": [1],
      "17": [1]
    }
  },
  "/Users/beasanssi/Desktop/1dv610/L2/Task Management System/User.ts": {
    "path": "/Users/beasanssi/Desktop/1dv610/L2/Task Management System/User.ts",
    "statementMap": {
      "0": {
        "start": { "line": 10, "column": 0 },
        "end": { "line": 10, "column": 33 }
      },
      "1": {
        "start": { "line": 11, "column": 0 },
        "end": { "line": 11, "column": 36 }
      },
      "2": {
        "start": { "line": 30, "column": 4 },
        "end": { "line": 30, "column": 27 }
      },
      "3": {
        "start": { "line": 31, "column": 4 },
        "end": { "line": 31, "column": 21 }
      },
      "4": {
        "start": { "line": 32, "column": 4 },
        "end": { "line": 32, "column": 23 }
      },
      "5": {
        "start": { "line": 33, "column": 4 },
        "end": { "line": 33, "column": 21 }
      },
      "6": {
        "start": { "line": 43, "column": 4 },
        "end": { "line": 43, "column": 32 }
      },
      "7": {
        "start": { "line": 54, "column": 4 },
        "end": { "line": 56, "column": 5 }
      },
      "8": {
        "start": { "line": 55, "column": 6 },
        "end": { "line": 55, "column": 70 }
      },
      "9": {
        "start": { "line": 59, "column": 4 },
        "end": { "line": 67, "column": 5 }
      },
      "10": {
        "start": { "line": 60, "column": 25 },
        "end": { "line": 60, "column": 27 }
      },
      "11": {
        "start": { "line": 61, "column": 6 },
        "end": { "line": 61, "column": 68 }
      },
      "12": {
        "start": { "line": 62, "column": 6 },
        "end": { "line": 62, "column": 33 }
      },
      "13": {
        "start": { "line": 63, "column": 6 },
        "end": { "line": 63, "column": 103 }
      },
      "14": {
        "start": { "line": 65, "column": 6 },
        "end": { "line": 65, "column": 54 }
      },
      "15": {
        "start": { "line": 66, "column": 6 },
        "end": { "line": 66, "column": 46 }
      },
      "16": {
        "start": { "line": 78, "column": 4 },
        "end": { "line": 83, "column": 5 }
      },
      "17": {
        "start": { "line": 79, "column": 6 },
        "end": { "line": 79, "column": 65 }
      },
      "18": {
        "start": { "line": 81, "column": 6 },
        "end": { "line": 81, "column": 56 }
      },
      "19": {
        "start": { "line": 82, "column": 6 },
        "end": { "line": 82, "column": 19 }
      },
      "20": {
        "start": { "line": 92, "column": 4 },
        "end": { "line": 92, "column": 21 }
      },
      "21": {
        "start": { "line": 13, "column": 0 },
        "end": { "line": 13, "column": 13 }
      }
    },
    "fnMap": {
      "0": {
        "name": "(anonymous_13)",
        "decl": {
          "start": { "line": 29, "column": 2 },
          "end": { "line": 29, "column": 14 }
        },
        "loc": {
          "start": { "line": 29, "column": 70 },
          "end": { "line": 34, "column": 3 }
        }
      },
      "1": {
        "name": "(anonymous_14)",
        "decl": {
          "start": { "line": 42, "column": 10 },
          "end": { "line": 42, "column": 25 }
        },
        "loc": {
          "start": { "line": 42, "column": 42 },
          "end": { "line": 44, "column": 3 }
        }
      },
      "2": {
        "name": "(anonymous_15)",
        "decl": {
          "start": { "line": 53, "column": 8 },
          "end": { "line": 53, "column": 22 }
        },
        "loc": {
          "start": { "line": 53, "column": 39 },
          "end": { "line": 68, "column": null }
        }
      },
      "3": {
        "name": "(anonymous_17)",
        "decl": {
          "start": { "line": 77, "column": 8 },
          "end": { "line": 77, "column": 21 }
        },
        "loc": {
          "start": { "line": 77, "column": 38 },
          "end": { "line": 84, "column": null }
        }
      },
      "4": {
        "name": "(anonymous_19)",
        "decl": {
          "start": { "line": 91, "column": 2 },
          "end": { "line": 91, "column": 12 }
        },
        "loc": {
          "start": { "line": 91, "column": 40 },
          "end": { "line": 93, "column": 3 }
        }
      }
    },
    "branchMap": {
      "0": {
        "loc": {
          "start": { "line": 54, "column": 4 },
          "end": { "line": 56, "column": 5 }
        },
        "type": "if",
        "locations": [
          {
            "start": { "line": 54, "column": 4 },
            "end": { "line": 56, "column": 5 }
          }
        ]
      }
    },
    "s": {
      "0": 2,
      "1": 2,
      "2": 19,
      "3": 19,
      "4": 19,
      "5": 19,
      "6": 2,
      "7": 2,
      "8": 1,
      "9": 1,
      "10": 1,
      "11": 1,
      "12": 1,
      "13": 1,
      "14": 0,
      "15": 0,
      "16": 2,
      "17": 2,
      "18": 0,
      "19": 0,
      "20": 2,
      "21": 2
    },
    "f": { "0": 19, "1": 2, "2": 2, "3": 2, "4": 2 },
    "b": { "0": [1] }
  }
}
