{
  "/Users/beasanssi/Desktop/1dv610/L2/src/Category.ts": {
    "path": "/Users/beasanssi/Desktop/1dv610/L2/src/Category.ts",
    "statementMap": {
      "0": {
        "start": { "line": 35, "column": 4 },
        "end": { "line": 35, "column": null }
      },
      "1": {
        "start": { "line": 48, "column": 4 },
        "end": { "line": 50, "column": 5 }
      },
      "2": {
        "start": { "line": 49, "column": 6 },
        "end": { "line": 49, "column": null }
      },
      "3": {
        "start": { "line": 53, "column": 4 },
        "end": { "line": 55, "column": 5 }
      },
      "4": {
        "start": { "line": 54, "column": 6 },
        "end": { "line": 54, "column": null }
      },
      "5": {
        "start": { "line": 57, "column": 4 },
        "end": { "line": 57, "column": null }
      },
      "6": {
        "start": { "line": 67, "column": 4 },
        "end": { "line": 71, "column": 5 }
      },
      "7": {
        "start": { "line": 68, "column": 6 },
        "end": { "line": 70, "column": null }
      },
      "8": {
        "start": { "line": 73, "column": 4 },
        "end": { "line": 73, "column": null }
      },
      "9": {
        "start": { "line": 74, "column": 4 },
        "end": { "line": 74, "column": null }
      },
      "10": {
        "start": { "line": 83, "column": 4 },
        "end": { "line": 83, "column": null }
      },
      "11": {
        "start": { "line": 11, "column": 0 },
        "end": { "line": 11, "column": 13 }
      },
      "12": {
        "start": { "line": 14, "column": 17 },
        "end": { "line": 26, "column": null }
      }
    },
    "fnMap": {
      "0": {
        "name": "(anonymous_0)",
        "decl": {
          "start": { "line": 34, "column": 2 },
          "end": { "line": 34, "column": 14 }
        },
        "loc": {
          "start": { "line": 34, "column": 26 },
          "end": { "line": 36, "column": 3 }
        }
      },
      "1": {
        "name": "(anonymous_1)",
        "decl": {
          "start": { "line": 47, "column": 10 },
          "end": { "line": 47, "column": 30 }
        },
        "loc": {
          "start": { "line": 47, "column": 43 },
          "end": { "line": 58, "column": 3 }
        }
      },
      "2": {
        "name": "(anonymous_2)",
        "decl": {
          "start": { "line": 66, "column": 9 },
          "end": { "line": 66, "column": 24 }
        },
        "loc": {
          "start": { "line": 66, "column": 40 },
          "end": { "line": 75, "column": 3 }
        }
      },
      "3": {
        "name": "(anonymous_3)",
        "decl": {
          "start": { "line": 82, "column": 2 },
          "end": { "line": 82, "column": 10 }
        },
        "loc": {
          "start": { "line": 82, "column": 10 },
          "end": { "line": 84, "column": 3 }
        }
      }
    },
    "branchMap": {
      "0": {
        "loc": {
          "start": { "line": 48, "column": 4 },
          "end": { "line": 50, "column": 5 }
        },
        "type": "if",
        "locations": [
          {
            "start": { "line": 48, "column": 4 },
            "end": { "line": 50, "column": 5 }
          }
        ]
      },
      "1": {
        "loc": {
          "start": { "line": 48, "column": 8 },
          "end": { "line": 48, "column": 41 }
        },
        "type": "binary-expr",
        "locations": [
          {
            "start": { "line": 48, "column": 8 },
            "end": { "line": 48, "column": 13 }
          },
          {
            "start": { "line": 48, "column": 17 },
            "end": { "line": 48, "column": 41 }
          }
        ]
      },
      "2": {
        "loc": {
          "start": { "line": 53, "column": 4 },
          "end": { "line": 55, "column": 5 }
        },
        "type": "if",
        "locations": [
          {
            "start": { "line": 53, "column": 4 },
            "end": { "line": 55, "column": 5 }
          }
        ]
      },
      "3": {
        "loc": {
          "start": { "line": 67, "column": 4 },
          "end": { "line": 71, "column": 5 }
        },
        "type": "if",
        "locations": [
          {
            "start": { "line": 67, "column": 4 },
            "end": { "line": 71, "column": 5 }
          }
        ]
      }
    },
    "s": {
      "0": 7,
      "1": 7,
      "2": 1,
      "3": 6,
      "4": 1,
      "5": 5,
      "6": 1,
      "7": 0,
      "8": 1,
      "9": 1,
      "10": 2,
      "11": 1,
      "12": 1
    },
    "f": { "0": 7, "1": 7, "2": 1, "3": 2 },
    "b": { "0": [1], "1": [7, 6], "2": [1], "3": [0] }
  },
  "/Users/beasanssi/Desktop/1dv610/L2/src/NotificationSystem.ts": {
    "path": "/Users/beasanssi/Desktop/1dv610/L2/src/NotificationSystem.ts",
    "statementMap": {
      "0": {
        "start": { "line": 21, "column": 4 },
        "end": { "line": 21, "column": null }
      },
      "1": {
        "start": { "line": 22, "column": 4 },
        "end": { "line": 22, "column": null }
      },
      "2": {
        "start": { "line": 34, "column": 4 },
        "end": { "line": 51, "column": 5 }
      },
      "3": {
        "start": { "line": 36, "column": 8 },
        "end": { "line": 36, "column": null }
      },
      "4": {
        "start": { "line": 38, "column": 8 },
        "end": { "line": 38, "column": null }
      },
      "5": {
        "start": { "line": 40, "column": 8 },
        "end": { "line": 40, "column": null }
      },
      "6": {
        "start": { "line": 42, "column": 8 },
        "end": { "line": 42, "column": null }
      },
      "7": {
        "start": { "line": 44, "column": 8 },
        "end": { "line": 44, "column": null }
      },
      "8": {
        "start": { "line": 46, "column": 8 },
        "end": { "line": 46, "column": null }
      },
      "9": {
        "start": { "line": 48, "column": 8 },
        "end": { "line": 48, "column": null }
      },
      "10": {
        "start": { "line": 50, "column": 8 },
        "end": { "line": 50, "column": null }
      },
      "11": {
        "start": { "line": 60, "column": 4 },
        "end": { "line": 60, "column": null }
      },
      "12": {
        "start": { "line": 61, "column": 4 },
        "end": { "line": 61, "column": null }
      },
      "13": {
        "start": { "line": 83, "column": 4 },
        "end": { "line": 88, "column": 5 }
      },
      "14": {
        "start": { "line": 87, "column": 6 },
        "end": { "line": 87, "column": null }
      },
      "15": {
        "start": { "line": 90, "column": 4 },
        "end": { "line": 95, "column": 5 }
      },
      "16": {
        "start": { "line": 94, "column": 6 },
        "end": { "line": 94, "column": null }
      },
      "17": {
        "start": { "line": 97, "column": 4 },
        "end": { "line": 102, "column": 5 }
      },
      "18": {
        "start": { "line": 101, "column": 6 },
        "end": { "line": 101, "column": null }
      },
      "19": {
        "start": { "line": 104, "column": 4 },
        "end": { "line": 109, "column": 5 }
      },
      "20": {
        "start": { "line": 108, "column": 6 },
        "end": { "line": 108, "column": null }
      },
      "21": {
        "start": { "line": 111, "column": 4 },
        "end": { "line": 116, "column": 5 }
      },
      "22": {
        "start": { "line": 115, "column": 6 },
        "end": { "line": 115, "column": null }
      },
      "23": {
        "start": { "line": 119, "column": 4 },
        "end": { "line": 119, "column": null }
      },
      "24": {
        "start": { "line": 120, "column": 4 },
        "end": { "line": 120, "column": null }
      },
      "25": {
        "start": { "line": 121, "column": 4 },
        "end": { "line": 121, "column": null }
      },
      "26": {
        "start": { "line": 122, "column": 4 },
        "end": { "line": 122, "column": null }
      },
      "27": {
        "start": { "line": 123, "column": 4 },
        "end": { "line": 123, "column": null }
      },
      "28": {
        "start": { "line": 124, "column": 4 },
        "end": { "line": 124, "column": null }
      },
      "29": {
        "start": { "line": 133, "column": 4 },
        "end": { "line": 133, "column": null }
      },
      "30": {
        "start": { "line": 10, "column": 0 },
        "end": { "line": 10, "column": 13 }
      }
    },
    "fnMap": {
      "0": {
        "name": "(anonymous_0)",
        "decl": {
          "start": { "line": 20, "column": 2 },
          "end": { "line": 20, "column": 14 }
        },
        "loc": {
          "start": { "line": 20, "column": 26 },
          "end": { "line": 23, "column": 3 }
        }
      },
      "1": {
        "name": "(anonymous_1)",
        "decl": {
          "start": { "line": 33, "column": 10 },
          "end": { "line": 33, "column": 20 }
        },
        "loc": {
          "start": { "line": 33, "column": 33 },
          "end": { "line": 52, "column": 3 }
        }
      },
      "2": {
        "name": "(anonymous_2)",
        "decl": {
          "start": { "line": 59, "column": 2 },
          "end": { "line": 59, "column": 21 }
        },
        "loc": {
          "start": { "line": 59, "column": 34 },
          "end": { "line": 62, "column": 3 }
        }
      },
      "3": {
        "name": "(anonymous_3)",
        "decl": {
          "start": { "line": 75, "column": 2 },
          "end": { "line": 75, "column": 18 }
        },
        "loc": {
          "start": { "line": 81, "column": 3 },
          "end": { "line": 125, "column": 3 }
        }
      },
      "4": {
        "name": "(anonymous_4)",
        "decl": {
          "start": { "line": 132, "column": 2 },
          "end": { "line": 132, "column": 10 }
        },
        "loc": {
          "start": { "line": 132, "column": 10 },
          "end": { "line": 134, "column": 3 }
        }
      }
    },
    "branchMap": {
      "0": {
        "loc": {
          "start": { "line": 34, "column": 4 },
          "end": { "line": 51, "column": 5 }
        },
        "type": "switch",
        "locations": [
          {
            "start": { "line": 35, "column": 6 },
            "end": { "line": 36, "column": null }
          },
          {
            "start": { "line": 37, "column": 6 },
            "end": { "line": 38, "column": null }
          },
          {
            "start": { "line": 39, "column": 6 },
            "end": { "line": 40, "column": null }
          },
          {
            "start": { "line": 41, "column": 6 },
            "end": { "line": 42, "column": null }
          },
          {
            "start": { "line": 43, "column": 6 },
            "end": { "line": 44, "column": null }
          },
          {
            "start": { "line": 45, "column": 6 },
            "end": { "line": 46, "column": null }
          },
          {
            "start": { "line": 47, "column": 6 },
            "end": { "line": 48, "column": null }
          },
          {
            "start": { "line": 49, "column": 6 },
            "end": { "line": 50, "column": null }
          }
        ]
      },
      "1": {
        "loc": {
          "start": { "line": 83, "column": 4 },
          "end": { "line": 88, "column": 5 }
        },
        "type": "if",
        "locations": [
          {
            "start": { "line": 83, "column": 4 },
            "end": { "line": 88, "column": 5 }
          }
        ]
      },
      "2": {
        "loc": {
          "start": { "line": 84, "column": 6 },
          "end": { "line": 85, "column": 55 }
        },
        "type": "binary-expr",
        "locations": [
          {
            "start": { "line": 84, "column": 6 },
            "end": { "line": 84, "column": 36 }
          },
          {
            "start": { "line": 85, "column": 6 },
            "end": { "line": 85, "column": 55 }
          }
        ]
      },
      "3": {
        "loc": {
          "start": { "line": 90, "column": 4 },
          "end": { "line": 95, "column": 5 }
        },
        "type": "if",
        "locations": [
          {
            "start": { "line": 90, "column": 4 },
            "end": { "line": 95, "column": 5 }
          }
        ]
      },
      "4": {
        "loc": {
          "start": { "line": 91, "column": 6 },
          "end": { "line": 92, "column": 55 }
        },
        "type": "binary-expr",
        "locations": [
          {
            "start": { "line": 91, "column": 6 },
            "end": { "line": 91, "column": 36 }
          },
          {
            "start": { "line": 92, "column": 6 },
            "end": { "line": 92, "column": 55 }
          }
        ]
      },
      "5": {
        "loc": {
          "start": { "line": 97, "column": 4 },
          "end": { "line": 102, "column": 5 }
        },
        "type": "if",
        "locations": [
          {
            "start": { "line": 97, "column": 4 },
            "end": { "line": 102, "column": 5 }
          }
        ]
      },
      "6": {
        "loc": {
          "start": { "line": 98, "column": 6 },
          "end": { "line": 99, "column": 54 }
        },
        "type": "binary-expr",
        "locations": [
          {
            "start": { "line": 98, "column": 6 },
            "end": { "line": 98, "column": 35 }
          },
          {
            "start": { "line": 99, "column": 6 },
            "end": { "line": 99, "column": 54 }
          }
        ]
      },
      "7": {
        "loc": {
          "start": { "line": 104, "column": 4 },
          "end": { "line": 109, "column": 5 }
        },
        "type": "if",
        "locations": [
          {
            "start": { "line": 104, "column": 4 },
            "end": { "line": 109, "column": 5 }
          }
        ]
      },
      "8": {
        "loc": {
          "start": { "line": 105, "column": 6 },
          "end": { "line": 106, "column": 54 }
        },
        "type": "binary-expr",
        "locations": [
          {
            "start": { "line": 105, "column": 6 },
            "end": { "line": 105, "column": 35 }
          },
          {
            "start": { "line": 106, "column": 6 },
            "end": { "line": 106, "column": 54 }
          }
        ]
      },
      "9": {
        "loc": {
          "start": { "line": 111, "column": 4 },
          "end": { "line": 116, "column": 5 }
        },
        "type": "if",
        "locations": [
          {
            "start": { "line": 111, "column": 4 },
            "end": { "line": 116, "column": 5 }
          }
        ]
      },
      "10": {
        "loc": {
          "start": { "line": 112, "column": 6 },
          "end": { "line": 113, "column": 51 }
        },
        "type": "binary-expr",
        "locations": [
          {
            "start": { "line": 112, "column": 6 },
            "end": { "line": 112, "column": 35 }
          },
          {
            "start": { "line": 113, "column": 6 },
            "end": { "line": 113, "column": 51 }
          }
        ]
      }
    },
    "s": {
      "0": 18,
      "1": 18,
      "2": 22,
      "3": 1,
      "4": 17,
      "5": 1,
      "6": 1,
      "7": 1,
      "8": 0,
      "9": 0,
      "10": 1,
      "11": 4,
      "12": 4,
      "13": 18,
      "14": 1,
      "15": 17,
      "16": 1,
      "17": 16,
      "18": 1,
      "19": 15,
      "20": 1,
      "21": 14,
      "22": 1,
      "23": 13,
      "24": 13,
      "25": 13,
      "26": 13,
      "27": 13,
      "28": 13,
      "29": 0,
      "30": 2
    },
    "f": { "0": 18, "1": 22, "2": 4, "3": 18, "4": 0 },
    "b": {
      "0": [1, 17, 1, 1, 1, 0, 0, 1],
      "1": [1],
      "2": [18, 17],
      "3": [1],
      "4": [17, 16],
      "5": [1],
      "6": [16, 15],
      "7": [1],
      "8": [15, 14],
      "9": [1],
      "10": [14, 14]
    }
  },
  "/Users/beasanssi/Desktop/1dv610/L2/src/Task.ts": {
    "path": "/Users/beasanssi/Desktop/1dv610/L2/src/Task.ts",
    "statementMap": {
      "0": {
        "start": { "line": 53, "column": 4 },
        "end": { "line": 53, "column": null }
      },
      "1": {
        "start": { "line": 54, "column": 4 },
        "end": { "line": 54, "column": null }
      },
      "2": {
        "start": { "line": 55, "column": 4 },
        "end": { "line": 57, "column": null }
      },
      "3": {
        "start": { "line": 58, "column": 4 },
        "end": { "line": 58, "column": null }
      },
      "4": {
        "start": { "line": 59, "column": 4 },
        "end": { "line": 59, "column": null }
      },
      "5": {
        "start": { "line": 60, "column": 4 },
        "end": { "line": 60, "column": null }
      },
      "6": {
        "start": { "line": 61, "column": 4 },
        "end": { "line": 61, "column": null }
      },
      "7": {
        "start": { "line": 62, "column": 4 },
        "end": { "line": 62, "column": null }
      },
      "8": {
        "start": { "line": 64, "column": 4 },
        "end": { "line": 64, "column": null }
      },
      "9": {
        "start": { "line": 76, "column": 4 },
        "end": { "line": 78, "column": 5 }
      },
      "10": {
        "start": { "line": 77, "column": 6 },
        "end": { "line": 77, "column": null }
      },
      "11": {
        "start": { "line": 88, "column": 4 },
        "end": { "line": 92, "column": 5 }
      },
      "12": {
        "start": { "line": 89, "column": 6 },
        "end": { "line": 91, "column": null }
      },
      "13": {
        "start": { "line": 102, "column": 4 },
        "end": { "line": 106, "column": 5 }
      },
      "14": {
        "start": { "line": 103, "column": 6 },
        "end": { "line": 105, "column": null }
      },
      "15": {
        "start": { "line": 116, "column": 4 },
        "end": { "line": 118, "column": 5 }
      },
      "16": {
        "start": { "line": 117, "column": 6 },
        "end": { "line": 117, "column": null }
      },
      "17": {
        "start": { "line": 128, "column": 4 },
        "end": { "line": 128, "column": null }
      },
      "18": {
        "start": { "line": 137, "column": 4 },
        "end": { "line": 139, "column": 5 }
      },
      "19": {
        "start": { "line": 138, "column": 6 },
        "end": { "line": 138, "column": null }
      },
      "20": {
        "start": { "line": 140, "column": 4 },
        "end": { "line": 140, "column": null }
      },
      "21": {
        "start": { "line": 149, "column": 4 },
        "end": { "line": 151, "column": 5 }
      },
      "22": {
        "start": { "line": 150, "column": 6 },
        "end": { "line": 150, "column": null }
      },
      "23": {
        "start": { "line": 152, "column": 4 },
        "end": { "line": 152, "column": null }
      },
      "24": {
        "start": { "line": 161, "column": 4 },
        "end": { "line": 163, "column": 5 }
      },
      "25": {
        "start": { "line": 162, "column": 6 },
        "end": { "line": 162, "column": null }
      },
      "26": {
        "start": { "line": 164, "column": 4 },
        "end": { "line": 164, "column": null }
      },
      "27": {
        "start": { "line": 171, "column": 4 },
        "end": { "line": 171, "column": null }
      },
      "28": {
        "start": { "line": 178, "column": 4 },
        "end": { "line": 178, "column": null }
      },
      "29": {
        "start": { "line": 185, "column": 4 },
        "end": { "line": 185, "column": null }
      },
      "30": {
        "start": { "line": 194, "column": 4 },
        "end": { "line": 194, "column": null }
      },
      "31": {
        "start": { "line": 195, "column": 4 },
        "end": { "line": 195, "column": null }
      },
      "32": {
        "start": { "line": 204, "column": 4 },
        "end": { "line": 204, "column": null }
      },
      "33": {
        "start": { "line": 205, "column": 4 },
        "end": { "line": 205, "column": null }
      },
      "34": {
        "start": { "line": 216, "column": 4 },
        "end": { "line": 216, "column": null }
      },
      "35": {
        "start": { "line": 217, "column": 4 },
        "end": { "line": 217, "column": null }
      },
      "36": {
        "start": { "line": 226, "column": 4 },
        "end": { "line": 226, "column": null }
      },
      "37": {
        "start": { "line": 227, "column": 4 },
        "end": { "line": 227, "column": null }
      },
      "38": {
        "start": { "line": 236, "column": 4 },
        "end": { "line": 236, "column": null }
      },
      "39": {
        "start": { "line": 237, "column": 4 },
        "end": { "line": 237, "column": null }
      },
      "40": {
        "start": { "line": 246, "column": 4 },
        "end": { "line": 246, "column": null }
      },
      "41": {
        "start": { "line": 247, "column": 4 },
        "end": { "line": 247, "column": null }
      },
      "42": {
        "start": { "line": 256, "column": 4 },
        "end": { "line": 256, "column": null }
      },
      "43": {
        "start": { "line": 257, "column": 4 },
        "end": { "line": 257, "column": null }
      },
      "44": {
        "start": { "line": 266, "column": 4 },
        "end": { "line": 266, "column": null }
      },
      "45": {
        "start": { "line": 267, "column": 4 },
        "end": { "line": 267, "column": null }
      },
      "46": {
        "start": { "line": 277, "column": 4 },
        "end": { "line": 285, "column": null }
      },
      "47": {
        "start": { "line": 11, "column": 0 },
        "end": { "line": 11, "column": 13 }
      },
      "48": {
        "start": { "line": 22, "column": 17 },
        "end": { "line": 27, "column": null }
      },
      "49": {
        "start": { "line": 28, "column": 17 },
        "end": { "line": 28, "column": null }
      }
    },
    "fnMap": {
      "0": {
        "name": "(anonymous_0)",
        "decl": {
          "start": { "line": 42, "column": 2 },
          "end": { "line": 42, "column": null }
        },
        "loc": {
          "start": { "line": 51, "column": 19 },
          "end": { "line": 65, "column": 3 }
        }
      },
      "1": {
        "name": "(anonymous_1)",
        "decl": {
          "start": { "line": 75, "column": 10 },
          "end": { "line": 75, "column": 26 }
        },
        "loc": {
          "start": { "line": 75, "column": 59 },
          "end": { "line": 79, "column": 3 }
        }
      },
      "2": {
        "name": "(anonymous_2)",
        "decl": {
          "start": { "line": 87, "column": 10 },
          "end": { "line": 87, "column": 26 }
        },
        "loc": {
          "start": { "line": 87, "column": 43 },
          "end": { "line": 93, "column": 3 }
        }
      },
      "3": {
        "name": "(anonymous_3)",
        "decl": {
          "start": { "line": 101, "column": 10 },
          "end": { "line": 101, "column": 24 }
        },
        "loc": {
          "start": { "line": 101, "column": 39 },
          "end": { "line": 107, "column": 3 }
        }
      },
      "4": {
        "name": "(anonymous_4)",
        "decl": {
          "start": { "line": 115, "column": 10 },
          "end": { "line": 115, "column": 26 }
        },
        "loc": {
          "start": { "line": 115, "column": 41 },
          "end": { "line": 119, "column": 3 }
        }
      },
      "5": {
        "name": "(anonymous_5)",
        "decl": {
          "start": { "line": 127, "column": 9 },
          "end": { "line": 127, "column": 19 }
        },
        "loc": {
          "start": { "line": 127, "column": 19 },
          "end": { "line": 129, "column": 3 }
        }
      },
      "6": {
        "name": "(anonymous_6)",
        "decl": {
          "start": { "line": 136, "column": 9 },
          "end": { "line": 136, "column": 21 }
        },
        "loc": {
          "start": { "line": 136, "column": 21 },
          "end": { "line": 141, "column": 3 }
        }
      },
      "7": {
        "name": "(anonymous_7)",
        "decl": {
          "start": { "line": 148, "column": 9 },
          "end": { "line": 148, "column": 19 }
        },
        "loc": {
          "start": { "line": 148, "column": 19 },
          "end": { "line": 153, "column": 3 }
        }
      },
      "8": {
        "name": "(anonymous_8)",
        "decl": {
          "start": { "line": 160, "column": 9 },
          "end": { "line": 160, "column": 19 }
        },
        "loc": {
          "start": { "line": 160, "column": 19 },
          "end": { "line": 165, "column": 3 }
        }
      },
      "9": {
        "name": "(anonymous_9)",
        "decl": {
          "start": { "line": 170, "column": 10 },
          "end": { "line": 170, "column": 25 }
        },
        "loc": {
          "start": { "line": 170, "column": 25 },
          "end": { "line": 172, "column": 3 }
        }
      },
      "10": {
        "name": "(anonymous_10)",
        "decl": {
          "start": { "line": 177, "column": 10 },
          "end": { "line": 177, "column": 26 }
        },
        "loc": {
          "start": { "line": 177, "column": 26 },
          "end": { "line": 179, "column": 3 }
        }
      },
      "11": {
        "name": "(anonymous_11)",
        "decl": {
          "start": { "line": 184, "column": 10 },
          "end": { "line": 184, "column": 26 }
        },
        "loc": {
          "start": { "line": 184, "column": 26 },
          "end": { "line": 186, "column": 3 }
        }
      },
      "12": {
        "name": "(anonymous_12)",
        "decl": {
          "start": { "line": 193, "column": 10 },
          "end": { "line": 193, "column": 19 }
        },
        "loc": {
          "start": { "line": 193, "column": 34 },
          "end": { "line": 196, "column": 3 }
        }
      },
      "13": {
        "name": "(anonymous_13)",
        "decl": {
          "start": { "line": 203, "column": 10 },
          "end": { "line": 203, "column": 21 }
        },
        "loc": {
          "start": { "line": 203, "column": 38 },
          "end": { "line": 206, "column": 3 }
        }
      },
      "14": {
        "name": "(anonymous_14)",
        "decl": {
          "start": { "line": 213, "column": 10 },
          "end": { "line": 213, "column": 17 }
        },
        "loc": {
          "start": { "line": 214, "column": 65 },
          "end": { "line": 218, "column": 3 }
        }
      },
      "15": {
        "name": "(anonymous_15)",
        "decl": {
          "start": { "line": 225, "column": 10 },
          "end": { "line": 225, "column": 19 }
        },
        "loc": {
          "start": { "line": 225, "column": 34 },
          "end": { "line": 228, "column": 3 }
        }
      },
      "16": {
        "name": "(anonymous_16)",
        "decl": {
          "start": { "line": 235, "column": 10 },
          "end": { "line": 235, "column": 18 }
        },
        "loc": {
          "start": { "line": 235, "column": 32 },
          "end": { "line": 238, "column": 3 }
        }
      },
      "17": {
        "name": "(anonymous_17)",
        "decl": {
          "start": { "line": 245, "column": 10 },
          "end": { "line": 245, "column": 24 }
        },
        "loc": {
          "start": { "line": 245, "column": 44 },
          "end": { "line": 248, "column": 3 }
        }
      },
      "18": {
        "name": "(anonymous_18)",
        "decl": {
          "start": { "line": 255, "column": 10 },
          "end": { "line": 255, "column": 21 }
        },
        "loc": {
          "start": { "line": 255, "column": 36 },
          "end": { "line": 258, "column": 3 }
        }
      },
      "19": {
        "name": "(anonymous_19)",
        "decl": {
          "start": { "line": 265, "column": 10 },
          "end": { "line": 265, "column": 19 }
        },
        "loc": {
          "start": { "line": 265, "column": 71 },
          "end": { "line": 268, "column": 3 }
        }
      },
      "20": {
        "name": "(anonymous_20)",
        "decl": {
          "start": { "line": 276, "column": 2 },
          "end": { "line": 276, "column": 10 }
        },
        "loc": {
          "start": { "line": 276, "column": 10 },
          "end": { "line": 286, "column": 3 }
        }
      }
    },
    "branchMap": {
      "0": {
        "loc": {
          "start": { "line": 76, "column": 4 },
          "end": { "line": 78, "column": 5 }
        },
        "type": "if",
        "locations": [
          {
            "start": { "line": 76, "column": 4 },
            "end": { "line": 78, "column": 5 }
          }
        ]
      },
      "1": {
        "loc": {
          "start": { "line": 76, "column": 8 },
          "end": { "line": 76, "column": 43 }
        },
        "type": "binary-expr",
        "locations": [
          {
            "start": { "line": 76, "column": 8 },
            "end": { "line": 76, "column": 14 }
          },
          {
            "start": { "line": 76, "column": 18 },
            "end": { "line": 76, "column": 43 }
          }
        ]
      },
      "2": {
        "loc": {
          "start": { "line": 88, "column": 4 },
          "end": { "line": 92, "column": 5 }
        },
        "type": "if",
        "locations": [
          {
            "start": { "line": 88, "column": 4 },
            "end": { "line": 92, "column": 5 }
          }
        ]
      },
      "3": {
        "loc": {
          "start": { "line": 102, "column": 4 },
          "end": { "line": 106, "column": 5 }
        },
        "type": "if",
        "locations": [
          {
            "start": { "line": 102, "column": 4 },
            "end": { "line": 106, "column": 5 }
          }
        ]
      },
      "4": {
        "loc": {
          "start": { "line": 116, "column": 4 },
          "end": { "line": 118, "column": 5 }
        },
        "type": "if",
        "locations": [
          {
            "start": { "line": 116, "column": 4 },
            "end": { "line": 118, "column": 5 }
          }
        ]
      },
      "5": {
        "loc": {
          "start": { "line": 116, "column": 8 },
          "end": { "line": 116, "column": 64 }
        },
        "type": "binary-expr",
        "locations": [
          {
            "start": { "line": 116, "column": 8 },
            "end": { "line": 116, "column": 35 }
          },
          {
            "start": { "line": 116, "column": 39 },
            "end": { "line": 116, "column": 64 }
          }
        ]
      },
      "6": {
        "loc": {
          "start": { "line": 128, "column": 11 },
          "end": { "line": 128, "column": 71 }
        },
        "type": "binary-expr",
        "locations": [
          {
            "start": { "line": 128, "column": 11 },
            "end": { "line": 128, "column": 40 }
          },
          {
            "start": { "line": 128, "column": 44 },
            "end": { "line": 128, "column": 71 }
          }
        ]
      },
      "7": {
        "loc": {
          "start": { "line": 137, "column": 4 },
          "end": { "line": 139, "column": 5 }
        },
        "type": "if",
        "locations": [
          {
            "start": { "line": 137, "column": 4 },
            "end": { "line": 139, "column": 5 }
          }
        ]
      },
      "8": {
        "loc": {
          "start": { "line": 149, "column": 4 },
          "end": { "line": 151, "column": 5 }
        },
        "type": "if",
        "locations": [
          {
            "start": { "line": 149, "column": 4 },
            "end": { "line": 151, "column": 5 }
          }
        ]
      },
      "9": {
        "loc": {
          "start": { "line": 161, "column": 4 },
          "end": { "line": 163, "column": 5 }
        },
        "type": "if",
        "locations": [
          {
            "start": { "line": 161, "column": 4 },
            "end": { "line": 163, "column": 5 }
          }
        ]
      }
    },
    "s": {
      "0": 23,
      "1": 23,
      "2": 23,
      "3": 22,
      "4": 22,
      "5": 21,
      "6": 21,
      "7": 20,
      "8": 19,
      "9": 111,
      "10": 1,
      "11": 23,
      "12": 1,
      "13": 20,
      "14": 1,
      "15": 21,
      "16": 1,
      "17": 1,
      "18": 1,
      "19": 1,
      "20": 1,
      "21": 1,
      "22": 1,
      "23": 1,
      "24": 1,
      "25": 0,
      "26": 1,
      "27": 1,
      "28": 1,
      "29": 0,
      "30": 23,
      "31": 23,
      "32": 23,
      "33": 23,
      "34": 23,
      "35": 22,
      "36": 22,
      "37": 22,
      "38": 22,
      "39": 21,
      "40": 21,
      "41": 21,
      "42": 21,
      "43": 20,
      "44": 20,
      "45": 19,
      "46": 5,
      "47": 2,
      "48": 2,
      "49": 2
    },
    "f": {
      "0": 23,
      "1": 111,
      "2": 23,
      "3": 20,
      "4": 21,
      "5": 1,
      "6": 1,
      "7": 1,
      "8": 1,
      "9": 1,
      "10": 1,
      "11": 0,
      "12": 23,
      "13": 23,
      "14": 23,
      "15": 22,
      "16": 22,
      "17": 21,
      "18": 21,
      "19": 20,
      "20": 5
    },
    "b": {
      "0": [1],
      "1": [111, 110],
      "2": [1],
      "3": [1],
      "4": [1],
      "5": [21, 21],
      "6": [1, 1],
      "7": [1],
      "8": [1],
      "9": [0]
    }
  },
  "/Users/beasanssi/Desktop/1dv610/L2/src/TaskManager.ts": {
    "path": "/Users/beasanssi/Desktop/1dv610/L2/src/TaskManager.ts",
    "statementMap": {
      "0": {
        "start": { "line": 11, "column": 0 },
        "end": { "line": 11, "column": 57 }
      },
      "1": {
        "start": { "line": 22, "column": 10 },
        "end": { "line": 22, "column": null }
      },
      "2": {
        "start": { "line": 29, "column": 4 },
        "end": { "line": 29, "column": null }
      },
      "3": {
        "start": { "line": 30, "column": 4 },
        "end": { "line": 30, "column": null }
      },
      "4": {
        "start": { "line": 41, "column": 4 },
        "end": { "line": 43, "column": 5 }
      },
      "5": {
        "start": { "line": 42, "column": 6 },
        "end": { "line": 42, "column": null }
      },
      "6": {
        "start": { "line": 45, "column": 4 },
        "end": { "line": 47, "column": 5 }
      },
      "7": {
        "start": { "line": 46, "column": 6 },
        "end": { "line": 46, "column": null }
      },
      "8": {
        "start": { "line": 49, "column": 4 },
        "end": { "line": 49, "column": null }
      },
      "9": {
        "start": { "line": 52, "column": 4 },
        "end": { "line": 54, "column": 5 }
      },
      "10": {
        "start": { "line": 52, "column": 31 },
        "end": { "line": 52, "column": 55 }
      },
      "11": {
        "start": { "line": 53, "column": 6 },
        "end": { "line": 53, "column": null }
      },
      "12": {
        "start": { "line": 57, "column": 4 },
        "end": { "line": 57, "column": null }
      },
      "13": {
        "start": { "line": 59, "column": 4 },
        "end": { "line": 59, "column": null }
      },
      "14": {
        "start": { "line": 72, "column": 4 },
        "end": { "line": 74, "column": 5 }
      },
      "15": {
        "start": { "line": 73, "column": 6 },
        "end": { "line": 73, "column": null }
      },
      "16": {
        "start": { "line": 75, "column": 4 },
        "end": { "line": 75, "column": null }
      },
      "17": {
        "start": { "line": 76, "column": 4 },
        "end": { "line": 76, "column": null }
      },
      "18": {
        "start": { "line": 77, "column": 4 },
        "end": { "line": 77, "column": null }
      },
      "19": {
        "start": { "line": 78, "column": 4 },
        "end": { "line": 78, "column": null }
      },
      "20": {
        "start": { "line": 79, "column": 4 },
        "end": { "line": 81, "column": null }
      },
      "21": {
        "start": { "line": 93, "column": 4 },
        "end": { "line": 95, "column": null }
      },
      "22": {
        "start": { "line": 94, "column": 6 },
        "end": { "line": 94, "column": 49 }
      },
      "23": {
        "start": { "line": 97, "column": 4 },
        "end": { "line": 99, "column": 5 }
      },
      "24": {
        "start": { "line": 97, "column": 35 },
        "end": { "line": 97, "column": 57 }
      },
      "25": {
        "start": { "line": 98, "column": 6 },
        "end": { "line": 98, "column": null }
      },
      "26": {
        "start": { "line": 100, "column": 4 },
        "end": { "line": 100, "column": null }
      },
      "27": {
        "start": { "line": 101, "column": 4 },
        "end": { "line": 101, "column": null }
      },
      "28": {
        "start": { "line": 102, "column": 4 },
        "end": { "line": 102, "column": null }
      },
      "29": {
        "start": { "line": 113, "column": 24 },
        "end": { "line": 113, "column": 73 }
      },
      "30": {
        "start": { "line": 113, "column": 50 },
        "end": { "line": 113, "column": 72 }
      },
      "31": {
        "start": { "line": 114, "column": 4 },
        "end": { "line": 119, "column": 5 }
      },
      "32": {
        "start": { "line": 115, "column": 6 },
        "end": { "line": 115, "column": null }
      },
      "33": {
        "start": { "line": 116, "column": 11 },
        "end": { "line": 119, "column": 5 }
      },
      "34": {
        "start": { "line": 117, "column": 6 },
        "end": { "line": 117, "column": null }
      },
      "35": {
        "start": { "line": 118, "column": 6 },
        "end": { "line": 118, "column": null }
      },
      "36": {
        "start": { "line": 120, "column": 4 },
        "end": { "line": 120, "column": null }
      },
      "37": {
        "start": { "line": 120, "column": 45 },
        "end": { "line": 120, "column": 67 }
      },
      "38": {
        "start": { "line": 121, "column": 4 },
        "end": { "line": 121, "column": null }
      },
      "39": {
        "start": { "line": 129, "column": 4 },
        "end": { "line": 132, "column": 5 }
      },
      "40": {
        "start": { "line": 130, "column": 6 },
        "end": { "line": 130, "column": null }
      },
      "41": {
        "start": { "line": 131, "column": 6 },
        "end": { "line": 131, "column": 12 }
      },
      "42": {
        "start": { "line": 134, "column": 4 },
        "end": { "line": 136, "column": null }
      },
      "43": {
        "start": { "line": 135, "column": 6 },
        "end": { "line": 135, "column": null }
      },
      "44": {
        "start": { "line": 150, "column": 4 },
        "end": { "line": 156, "column": 5 }
      },
      "45": {
        "start": { "line": 151, "column": 6 },
        "end": { "line": 154, "column": null }
      },
      "46": {
        "start": { "line": 155, "column": 6 },
        "end": { "line": 155, "column": 12 }
      },
      "47": {
        "start": { "line": 158, "column": 4 },
        "end": { "line": 164, "column": null }
      },
      "48": {
        "start": { "line": 174, "column": 4 },
        "end": { "line": 178, "column": 5 }
      },
      "49": {
        "start": { "line": 175, "column": 6 },
        "end": { "line": 175, "column": null }
      },
      "50": {
        "start": { "line": 177, "column": 6 },
        "end": { "line": 177, "column": null }
      },
      "51": {
        "start": { "line": 188, "column": 20 },
        "end": { "line": 188, "column": 43 }
      },
      "52": {
        "start": { "line": 189, "column": 16 },
        "end": { "line": 189, "column": 36 }
      },
      "53": {
        "start": { "line": 190, "column": 29 },
        "end": { "line": 190, "column": 63 }
      },
      "54": {
        "start": { "line": 192, "column": 4 },
        "end": { "line": 198, "column": 5 }
      },
      "55": {
        "start": { "line": 193, "column": 6 },
        "end": { "line": 193, "column": null }
      },
      "56": {
        "start": { "line": 194, "column": 6 },
        "end": { "line": 194, "column": null }
      },
      "57": {
        "start": { "line": 195, "column": 6 },
        "end": { "line": 197, "column": null }
      },
      "58": {
        "start": { "line": 207, "column": 20 },
        "end": { "line": 207, "column": 43 }
      },
      "59": {
        "start": { "line": 208, "column": 16 },
        "end": { "line": 208, "column": 36 }
      },
      "60": {
        "start": { "line": 209, "column": 25 },
        "end": { "line": 209, "column": 58 }
      },
      "61": {
        "start": { "line": 212, "column": 4 },
        "end": { "line": 218, "column": 5 }
      },
      "62": {
        "start": { "line": 213, "column": 6 },
        "end": { "line": 213, "column": null }
      },
      "63": {
        "start": { "line": 214, "column": 6 },
        "end": { "line": 214, "column": null }
      },
      "64": {
        "start": { "line": 215, "column": 6 },
        "end": { "line": 217, "column": null }
      },
      "65": {
        "start": { "line": 15, "column": 0 },
        "end": { "line": 15, "column": 13 }
      }
    },
    "fnMap": {
      "0": {
        "name": "(anonymous_0)",
        "decl": {
          "start": { "line": 28, "column": 2 },
          "end": { "line": 28, "column": null }
        },
        "loc": {
          "start": { "line": 28, "column": 2 },
          "end": { "line": 31, "column": 3 }
        }
      },
      "1": {
        "name": "(anonymous_1)",
        "decl": {
          "start": { "line": 40, "column": 2 },
          "end": { "line": 40, "column": 12 }
        },
        "loc": {
          "start": { "line": 40, "column": 23 },
          "end": { "line": 60, "column": 3 }
        }
      },
      "2": {
        "name": "(anonymous_2)",
        "decl": {
          "start": { "line": 52, "column": 24 },
          "end": { "line": 52, "column": 25 }
        },
        "loc": {
          "start": { "line": 52, "column": 31 },
          "end": { "line": 52, "column": 55 }
        }
      },
      "3": {
        "name": "(anonymous_3)",
        "decl": {
          "start": { "line": 71, "column": 2 },
          "end": { "line": 71, "column": 21 }
        },
        "loc": {
          "start": { "line": 71, "column": 62 },
          "end": { "line": 82, "column": 3 }
        }
      },
      "4": {
        "name": "(anonymous_4)",
        "decl": {
          "start": { "line": 92, "column": 2 },
          "end": { "line": 92, "column": 12 }
        },
        "loc": {
          "start": { "line": 92, "column": 46 },
          "end": { "line": 103, "column": 3 }
        }
      },
      "5": {
        "name": "(anonymous_5)",
        "decl": {
          "start": { "line": 93, "column": 32 },
          "end": { "line": 93, "column": 33 }
        },
        "loc": {
          "start": { "line": 94, "column": 6 },
          "end": { "line": 94, "column": 49 }
        }
      },
      "6": {
        "name": "(anonymous_6)",
        "decl": {
          "start": { "line": 97, "column": 25 },
          "end": { "line": 97, "column": 26 }
        },
        "loc": {
          "start": { "line": 97, "column": 35 },
          "end": { "line": 97, "column": 57 }
        }
      },
      "7": {
        "name": "(anonymous_7)",
        "decl": {
          "start": { "line": 112, "column": 2 },
          "end": { "line": 112, "column": 12 }
        },
        "loc": {
          "start": { "line": 112, "column": 27 },
          "end": { "line": 122, "column": 3 }
        }
      },
      "8": {
        "name": "(anonymous_8)",
        "decl": {
          "start": { "line": 113, "column": 40 },
          "end": { "line": 113, "column": 41 }
        },
        "loc": {
          "start": { "line": 113, "column": 50 },
          "end": { "line": 113, "column": 72 }
        }
      },
      "9": {
        "name": "(anonymous_9)",
        "decl": {
          "start": { "line": 120, "column": 35 },
          "end": { "line": 120, "column": 36 }
        },
        "loc": {
          "start": { "line": 120, "column": 45 },
          "end": { "line": 120, "column": 67 }
        }
      },
      "10": {
        "name": "(anonymous_10)",
        "decl": {
          "start": { "line": 128, "column": 2 },
          "end": { "line": 128, "column": 11 }
        },
        "loc": {
          "start": { "line": 128, "column": 11 },
          "end": { "line": 137, "column": 3 }
        }
      },
      "11": {
        "name": "(anonymous_11)",
        "decl": {
          "start": { "line": 134, "column": 23 },
          "end": { "line": 134, "column": 24 }
        },
        "loc": {
          "start": { "line": 134, "column": 32 },
          "end": { "line": 136, "column": 5 }
        }
      },
      "12": {
        "name": "(anonymous_12)",
        "decl": {
          "start": { "line": 149, "column": 2 },
          "end": { "line": 149, "column": 15 }
        },
        "loc": {
          "start": { "line": 149, "column": 67 },
          "end": { "line": 165, "column": 3 }
        }
      },
      "13": {
        "name": "(anonymous_13)",
        "decl": {
          "start": { "line": 173, "column": 2 },
          "end": { "line": 173, "column": 12 }
        },
        "loc": {
          "start": { "line": 173, "column": 26 },
          "end": { "line": 179, "column": 3 }
        }
      },
      "14": {
        "name": "(anonymous_14)",
        "decl": {
          "start": { "line": 187, "column": 2 },
          "end": { "line": 187, "column": 26 }
        },
        "loc": {
          "start": { "line": 187, "column": 37 },
          "end": { "line": 199, "column": 3 }
        }
      },
      "15": {
        "name": "(anonymous_15)",
        "decl": {
          "start": { "line": 206, "column": 2 },
          "end": { "line": 206, "column": 26 }
        },
        "loc": {
          "start": { "line": 206, "column": 37 },
          "end": { "line": 219, "column": 3 }
        }
      }
    },
    "branchMap": {
      "0": {
        "loc": {
          "start": { "line": 41, "column": 4 },
          "end": { "line": 43, "column": 5 }
        },
        "type": "if",
        "locations": [
          {
            "start": { "line": 41, "column": 4 },
            "end": { "line": 43, "column": 5 }
          }
        ]
      },
      "1": {
        "loc": {
          "start": { "line": 41, "column": 8 },
          "end": { "line": 41, "column": 38 }
        },
        "type": "binary-expr",
        "locations": [
          {
            "start": { "line": 41, "column": 8 },
            "end": { "line": 41, "column": 21 }
          },
          {
            "start": { "line": 41, "column": 25 },
            "end": { "line": 41, "column": 38 }
          }
        ]
      },
      "2": {
        "loc": {
          "start": { "line": 45, "column": 4 },
          "end": { "line": 47, "column": 5 }
        },
        "type": "if",
        "locations": [
          {
            "start": { "line": 45, "column": 4 },
            "end": { "line": 47, "column": 5 }
          }
        ]
      },
      "3": {
        "loc": {
          "start": { "line": 52, "column": 4 },
          "end": { "line": 54, "column": 5 }
        },
        "type": "if",
        "locations": [
          {
            "start": { "line": 52, "column": 4 },
            "end": { "line": 54, "column": 5 }
          }
        ]
      },
      "4": {
        "loc": {
          "start": { "line": 72, "column": 4 },
          "end": { "line": 74, "column": 5 }
        },
        "type": "if",
        "locations": [
          {
            "start": { "line": 72, "column": 4 },
            "end": { "line": 74, "column": 5 }
          }
        ]
      },
      "5": {
        "loc": {
          "start": { "line": 94, "column": 6 },
          "end": { "line": 94, "column": 49 }
        },
        "type": "cond-expr",
        "locations": [
          {
            "start": { "line": 94, "column": 31 },
            "end": { "line": 94, "column": 42 }
          },
          {
            "start": { "line": 94, "column": 45 },
            "end": { "line": 94, "column": 49 }
          }
        ]
      },
      "6": {
        "loc": {
          "start": { "line": 97, "column": 4 },
          "end": { "line": 99, "column": 5 }
        },
        "type": "if",
        "locations": [
          {
            "start": { "line": 97, "column": 4 },
            "end": { "line": 99, "column": 5 }
          }
        ]
      },
      "7": {
        "loc": {
          "start": { "line": 114, "column": 4 },
          "end": { "line": 119, "column": 5 }
        },
        "type": "if",
        "locations": [
          {
            "start": { "line": 114, "column": 4 },
            "end": { "line": 119, "column": 5 }
          },
          {
            "start": { "line": 116, "column": 11 },
            "end": { "line": 119, "column": 5 }
          }
        ]
      },
      "8": {
        "loc": {
          "start": { "line": 116, "column": 11 },
          "end": { "line": 119, "column": 5 }
        },
        "type": "if",
        "locations": [
          {
            "start": { "line": 116, "column": 11 },
            "end": { "line": 119, "column": 5 }
          }
        ]
      },
      "9": {
        "loc": {
          "start": { "line": 129, "column": 4 },
          "end": { "line": 132, "column": 5 }
        },
        "type": "if",
        "locations": [
          {
            "start": { "line": 129, "column": 4 },
            "end": { "line": 132, "column": 5 }
          }
        ]
      },
      "10": {
        "loc": {
          "start": { "line": 150, "column": 4 },
          "end": { "line": 156, "column": 5 }
        },
        "type": "if",
        "locations": [
          {
            "start": { "line": 150, "column": 4 },
            "end": { "line": 156, "column": 5 }
          }
        ]
      },
      "11": {
        "loc": {
          "start": { "line": 150, "column": 8 },
          "end": { "line": 150, "column": 33 }
        },
        "type": "binary-expr",
        "locations": [
          {
            "start": { "line": 150, "column": 8 },
            "end": { "line": 150, "column": 16 }
          },
          {
            "start": { "line": 150, "column": 20 },
            "end": { "line": 150, "column": 33 }
          }
        ]
      },
      "12": {
        "loc": {
          "start": { "line": 174, "column": 4 },
          "end": { "line": 178, "column": 5 }
        },
        "type": "if",
        "locations": [
          {
            "start": { "line": 174, "column": 4 },
            "end": { "line": 178, "column": 5 }
          },
          {
            "start": { "line": 176, "column": 11 },
            "end": { "line": 178, "column": 5 }
          }
        ]
      },
      "13": {
        "loc": {
          "start": { "line": 174, "column": 8 },
          "end": { "line": 174, "column": 31 }
        },
        "type": "binary-expr",
        "locations": [
          {
            "start": { "line": 174, "column": 8 },
            "end": { "line": 174, "column": 15 }
          },
          {
            "start": { "line": 174, "column": 19 },
            "end": { "line": 174, "column": 31 }
          }
        ]
      },
      "14": {
        "loc": {
          "start": { "line": 192, "column": 4 },
          "end": { "line": 198, "column": 5 }
        },
        "type": "if",
        "locations": [
          {
            "start": { "line": 192, "column": 4 },
            "end": { "line": 198, "column": 5 }
          }
        ]
      },
      "15": {
        "loc": {
          "start": { "line": 192, "column": 8 },
          "end": { "line": 192, "column": 62 }
        },
        "type": "binary-expr",
        "locations": [
          {
            "start": { "line": 192, "column": 8 },
            "end": { "line": 192, "column": 26 }
          },
          {
            "start": { "line": 192, "column": 30 },
            "end": { "line": 192, "column": 62 }
          }
        ]
      },
      "16": {
        "loc": {
          "start": { "line": 212, "column": 4 },
          "end": { "line": 218, "column": 5 }
        },
        "type": "if",
        "locations": [
          {
            "start": { "line": 212, "column": 4 },
            "end": { "line": 218, "column": 5 }
          }
        ]
      }
    },
    "s": {
      "0": 1,
      "1": 9,
      "2": 9,
      "3": 9,
      "4": 10,
      "5": 1,
      "6": 9,
      "7": 0,
      "8": 9,
      "9": 9,
      "10": 2,
      "11": 1,
      "12": 8,
      "13": 8,
      "14": 8,
      "15": 0,
      "16": 8,
      "17": 8,
      "18": 8,
      "19": 8,
      "20": 8,
      "21": 1,
      "22": 1,
      "23": 1,
      "24": 1,
      "25": 0,
      "26": 1,
      "27": 1,
      "28": 1,
      "29": 1,
      "30": 1,
      "31": 1,
      "32": 0,
      "33": 1,
      "34": 1,
      "35": 1,
      "36": 1,
      "37": 1,
      "38": 1,
      "39": 2,
      "40": 1,
      "41": 1,
      "42": 1,
      "43": 2,
      "44": 12,
      "45": 0,
      "46": 0,
      "47": 12,
      "48": 9,
      "49": 9,
      "50": 0,
      "51": 1,
      "52": 1,
      "53": 1,
      "54": 1,
      "55": 1,
      "56": 1,
      "57": 1,
      "58": 1,
      "59": 1,
      "60": 1,
      "61": 1,
      "62": 1,
      "63": 1,
      "64": 1,
      "65": 1
    },
    "f": {
      "0": 9,
      "1": 10,
      "2": 2,
      "3": 8,
      "4": 1,
      "5": 1,
      "6": 1,
      "7": 1,
      "8": 1,
      "9": 1,
      "10": 2,
      "11": 2,
      "12": 12,
      "13": 9,
      "14": 1,
      "15": 1
    },
    "b": {
      "0": [1],
      "1": [10, 10],
      "2": [0],
      "3": [1],
      "4": [0],
      "5": [1, 0],
      "6": [0],
      "7": [0, 1],
      "8": [1],
      "9": [1],
      "10": [0],
      "11": [12, 12],
      "12": [9, 0],
      "13": [9, 9],
      "14": [1],
      "15": [1, 1],
      "16": [1]
    }
  },
  "/Users/beasanssi/Desktop/1dv610/L2/src/User.ts": {
    "path": "/Users/beasanssi/Desktop/1dv610/L2/src/User.ts",
    "statementMap": {
      "0": {
        "start": { "line": 10, "column": 0 },
        "end": { "line": 10, "column": 32 }
      },
      "1": {
        "start": { "line": 11, "column": 0 },
        "end": { "line": 11, "column": 35 }
      },
      "2": {
        "start": { "line": 29, "column": 4 },
        "end": { "line": 29, "column": 27 }
      },
      "3": {
        "start": { "line": 30, "column": 4 },
        "end": { "line": 30, "column": null }
      },
      "4": {
        "start": { "line": 31, "column": 4 },
        "end": { "line": 31, "column": null }
      },
      "5": {
        "start": { "line": 32, "column": 4 },
        "end": { "line": 32, "column": null }
      },
      "6": {
        "start": { "line": 42, "column": 4 },
        "end": { "line": 42, "column": null }
      },
      "7": {
        "start": { "line": 53, "column": 4 },
        "end": { "line": 55, "column": 5 }
      },
      "8": {
        "start": { "line": 54, "column": 6 },
        "end": { "line": 54, "column": null }
      },
      "9": {
        "start": { "line": 58, "column": 4 },
        "end": { "line": 68, "column": 5 }
      },
      "10": {
        "start": { "line": 59, "column": 25 },
        "end": { "line": 59, "column": 27 }
      },
      "11": {
        "start": { "line": 60, "column": 6 },
        "end": { "line": 60, "column": null }
      },
      "12": {
        "start": { "line": 61, "column": 6 },
        "end": { "line": 61, "column": null }
      },
      "13": {
        "start": { "line": 62, "column": 6 },
        "end": { "line": 64, "column": null }
      },
      "14": {
        "start": { "line": 66, "column": 6 },
        "end": { "line": 66, "column": null }
      },
      "15": {
        "start": { "line": 67, "column": 6 },
        "end": { "line": 67, "column": null }
      },
      "16": {
        "start": { "line": 79, "column": 4 },
        "end": { "line": 84, "column": 5 }
      },
      "17": {
        "start": { "line": 80, "column": 6 },
        "end": { "line": 80, "column": null }
      },
      "18": {
        "start": { "line": 82, "column": 6 },
        "end": { "line": 82, "column": null }
      },
      "19": {
        "start": { "line": 83, "column": 6 },
        "end": { "line": 83, "column": null }
      },
      "20": {
        "start": { "line": 93, "column": 4 },
        "end": { "line": 93, "column": null }
      },
      "21": {
        "start": { "line": 13, "column": 0 },
        "end": { "line": 13, "column": 13 }
      }
    },
    "fnMap": {
      "0": {
        "name": "(anonymous_13)",
        "decl": {
          "start": { "line": 28, "column": 2 },
          "end": { "line": 28, "column": 14 }
        },
        "loc": {
          "start": { "line": 28, "column": 70 },
          "end": { "line": 33, "column": 3 }
        }
      },
      "1": {
        "name": "(anonymous_14)",
        "decl": {
          "start": { "line": 41, "column": 10 },
          "end": { "line": 41, "column": 25 }
        },
        "loc": {
          "start": { "line": 41, "column": 42 },
          "end": { "line": 43, "column": 3 }
        }
      },
      "2": {
        "name": "(anonymous_15)",
        "decl": {
          "start": { "line": 52, "column": 8 },
          "end": { "line": 52, "column": 22 }
        },
        "loc": {
          "start": { "line": 52, "column": 39 },
          "end": { "line": 69, "column": null }
        }
      },
      "3": {
        "name": "(anonymous_17)",
        "decl": {
          "start": { "line": 78, "column": 8 },
          "end": { "line": 78, "column": 21 }
        },
        "loc": {
          "start": { "line": 78, "column": 38 },
          "end": { "line": 85, "column": null }
        }
      },
      "4": {
        "name": "(anonymous_19)",
        "decl": {
          "start": { "line": 92, "column": 2 },
          "end": { "line": 92, "column": 12 }
        },
        "loc": {
          "start": { "line": 92, "column": 40 },
          "end": { "line": 94, "column": 3 }
        }
      }
    },
    "branchMap": {
      "0": {
        "loc": {
          "start": { "line": 53, "column": 4 },
          "end": { "line": 55, "column": 5 }
        },
        "type": "if",
        "locations": [
          {
            "start": { "line": 53, "column": 4 },
            "end": { "line": 55, "column": 5 }
          }
        ]
      }
    },
    "s": {
      "0": 2,
      "1": 2,
      "2": 19,
      "3": 19,
      "4": 19,
      "5": 19,
      "6": 2,
      "7": 2,
      "8": 1,
      "9": 1,
      "10": 1,
      "11": 1,
      "12": 1,
      "13": 1,
      "14": 0,
      "15": 0,
      "16": 2,
      "17": 2,
      "18": 0,
      "19": 0,
      "20": 2,
      "21": 2
    },
    "f": { "0": 19, "1": 2, "2": 2, "3": 2, "4": 2 },
    "b": { "0": [1] }
  }
}
