TN:
SF:Task Management System/Category.ts
FN:25,(anonymous_0)
FN:38,(anonymous_1)
FN:57,(anonymous_2)
FN:71,(anonymous_3)
FNF:4
FNH:4
FNDA:7,(anonymous_0)
FNDA:7,(anonymous_1)
FNDA:1,(anonymous_2)
FNDA:2,(anonymous_3)
DA:11,1
DA:14,1
DA:26,7
DA:39,7
DA:40,1
DA:44,6
DA:45,1
DA:48,5
DA:58,1
DA:59,0
DA:62,1
DA:63,1
DA:72,2
LF:13
LH:12
BRDA:39,0,0,1
BRDA:39,1,0,7
BRDA:39,1,1,6
BRDA:44,2,0,1
BRDA:58,3,0,0
BRF:5
BRH:4
end_of_record
TN:
SF:Task Management System/NotificationSystem.ts
FN:31,(anonymous_0)
FN:57,(anonymous_1)
FN:93,(anonymous_2)
FNF:3
FNH:2
FNDA:21,(anonymous_0)
FNDA:18,(anonymous_1)
FNDA:0,(anonymous_2)
DA:10,2
DA:20,2
DA:33,21
DA:34,0
DA:38,21
DA:39,1
DA:42,20
DA:43,20
DA:59,18
DA:60,1
DA:63,17
DA:64,1
DA:67,16
DA:68,1
DA:71,15
DA:72,1
DA:75,14
DA:76,1
DA:80,13
DA:81,13
DA:82,13
DA:83,13
DA:84,13
DA:85,13
DA:94,0
LF:25
LH:23
BRDA:33,0,0,0
BRDA:33,1,0,21
BRDA:33,1,1,21
BRDA:38,2,0,1
BRDA:59,3,0,1
BRDA:59,4,0,18
BRDA:59,4,1,17
BRDA:63,5,0,1
BRDA:63,6,0,17
BRDA:63,6,1,16
BRDA:67,7,0,1
BRDA:67,8,0,16
BRDA:67,8,1,15
BRDA:71,9,0,1
BRDA:71,10,0,15
BRDA:71,10,1,14
BRDA:75,11,0,1
BRDA:75,12,0,14
BRDA:75,12,1,14
BRF:19
BRH:18
end_of_record
TN:
SF:Task Management System/Task.ts
FN:37,(anonymous_0)
FN:69,(anonymous_1)
FN:81,(anonymous_2)
FN:93,(anonymous_3)
FN:105,(anonymous_4)
FN:117,(anonymous_5)
FN:126,(anonymous_6)
FN:138,(anonymous_7)
FN:150,(anonymous_8)
FN:160,(anonymous_9)
FN:167,(anonymous_10)
FN:174,(anonymous_11)
FN:183,(anonymous_12)
FN:193,(anonymous_13)
FN:203,(anonymous_14)
FN:213,(anonymous_15)
FN:223,(anonymous_16)
FN:233,(anonymous_17)
FN:243,(anonymous_18)
FN:253,(anonymous_19)
FN:264,(anonymous_20)
FNF:21
FNH:20
FNDA:23,(anonymous_0)
FNDA:111,(anonymous_1)
FNDA:23,(anonymous_2)
FNDA:20,(anonymous_3)
FNDA:21,(anonymous_4)
FNDA:1,(anonymous_5)
FNDA:1,(anonymous_6)
FNDA:1,(anonymous_7)
FNDA:1,(anonymous_8)
FNDA:1,(anonymous_9)
FNDA:1,(anonymous_10)
FNDA:0,(anonymous_11)
FNDA:23,(anonymous_12)
FNDA:23,(anonymous_13)
FNDA:23,(anonymous_14)
FNDA:22,(anonymous_15)
FNDA:22,(anonymous_16)
FNDA:21,(anonymous_17)
FNDA:21,(anonymous_18)
FNDA:20,(anonymous_19)
FNDA:4,(anonymous_20)
DA:11,2
DA:22,2
DA:23,2
DA:49,23
DA:50,23
DA:51,23
DA:52,22
DA:53,22
DA:54,21
DA:55,21
DA:56,20
DA:58,19
DA:70,111
DA:71,1
DA:82,23
DA:83,1
DA:94,20
DA:95,1
DA:106,21
DA:107,1
DA:118,1
DA:127,1
DA:128,1
DA:130,1
DA:139,1
DA:140,1
DA:142,1
DA:151,1
DA:152,0
DA:154,1
DA:161,1
DA:168,1
DA:175,0
DA:184,23
DA:185,23
DA:194,23
DA:195,23
DA:204,23
DA:205,22
DA:214,22
DA:215,22
DA:224,22
DA:225,21
DA:234,21
DA:235,21
DA:244,21
DA:245,20
DA:254,20
DA:255,19
DA:265,4
LF:50
LH:48
BRDA:70,0,0,1
BRDA:70,1,0,111
BRDA:70,1,1,110
BRDA:82,2,0,1
BRDA:94,3,0,1
BRDA:106,4,0,1
BRDA:106,5,0,21
BRDA:106,5,1,21
BRDA:118,6,0,1
BRDA:118,6,1,1
BRDA:127,7,0,1
BRDA:139,8,0,1
BRDA:151,9,0,0
BRF:13
BRH:12
end_of_record
TN:
SF:Task Management System/TaskManager.ts
FN:28,(anonymous_0)
FN:39,(anonymous_1)
FN:51,(anonymous_2)
FN:71,(anonymous_3)
FN:88,(anonymous_4)
FN:103,(anonymous_5)
FN:104,(anonymous_6)
FN:111,(anonymous_7)
FN:122,(anonymous_8)
FN:123,(anonymous_9)
FN:125,(anonymous_10)
FN:142,(anonymous_11)
FN:172,(anonymous_12)
FN:188,(anonymous_13)
FN:203,(anonymous_14)
FN:209,(anonymous_15)
FNF:16
FNH:16
FNDA:9,(anonymous_0)
FNDA:10,(anonymous_1)
FNDA:2,(anonymous_2)
FNDA:8,(anonymous_3)
FNDA:9,(anonymous_4)
FNDA:1,(anonymous_5)
FNDA:1,(anonymous_6)
FNDA:1,(anonymous_7)
FNDA:1,(anonymous_8)
FNDA:1,(anonymous_9)
FNDA:1,(anonymous_10)
FNDA:12,(anonymous_11)
FNDA:1,(anonymous_12)
FNDA:1,(anonymous_13)
FNDA:2,(anonymous_14)
FNDA:2,(anonymous_15)
DA:11,1
DA:15,1
DA:22,9
DA:29,9
DA:40,10
DA:41,1
DA:44,9
DA:45,0
DA:48,9
DA:51,9
DA:52,1
DA:56,8
DA:59,8
DA:72,8
DA:73,0
DA:75,8
DA:76,8
DA:77,8
DA:78,8
DA:79,8
DA:89,9
DA:90,9
DA:92,0
DA:104,1
DA:105,1
DA:106,0
DA:108,1
DA:109,1
DA:111,1
DA:123,1
DA:125,1
DA:126,0
DA:129,1
DA:143,12
DA:144,0
DA:145,0
DA:148,12
DA:151,12
DA:152,0
DA:156,12
DA:157,12
DA:173,1
DA:174,1
DA:175,1
DA:177,1
DA:178,1
DA:179,1
DA:189,1
DA:190,1
DA:191,1
DA:194,1
DA:195,1
DA:204,2
DA:205,1
DA:206,1
DA:209,1
DA:210,2
LF:57
LH:49
BRDA:40,0,0,1
BRDA:40,1,0,10
BRDA:40,1,1,10
BRDA:44,2,0,0
BRDA:51,3,0,1
BRDA:72,4,0,0
BRDA:89,5,0,9
BRDA:89,5,1,0
BRDA:89,6,0,9
BRDA:89,6,1,9
BRDA:105,7,0,0
BRDA:105,7,1,1
BRDA:108,8,0,1
BRDA:123,9,0,1
BRDA:123,9,1,0
BRDA:125,10,0,0
BRDA:143,11,0,0
BRDA:143,12,0,12
BRDA:143,12,1,12
BRDA:151,13,0,0
BRDA:177,14,0,1
BRDA:177,15,0,1
BRDA:177,15,1,1
BRDA:194,16,0,1
BRDA:204,17,0,1
BRF:25
BRH:17
end_of_record
TN:
SF:Task Management System/User.ts
FN:29,(anonymous_13)
FN:42,(anonymous_14)
FN:53,(anonymous_15)
FN:77,(anonymous_17)
FN:91,(anonymous_19)
FNF:5
FNH:5
FNDA:19,(anonymous_13)
FNDA:2,(anonymous_14)
FNDA:2,(anonymous_15)
FNDA:2,(anonymous_17)
FNDA:2,(anonymous_19)
DA:10,2
DA:11,2
DA:13,2
DA:30,19
DA:31,19
DA:32,19
DA:33,19
DA:43,2
DA:54,2
DA:55,1
DA:59,1
DA:60,1
DA:61,1
DA:62,1
DA:63,1
DA:65,0
DA:66,0
DA:78,2
DA:79,2
DA:81,0
DA:82,0
DA:92,2
LF:22
LH:18
BRDA:54,0,0,1
BRF:1
BRH:1
end_of_record
