TN:
SF:src/Category.ts
FN:34,(anonymous_0)
FN:47,(anonymous_1)
FN:66,(anonymous_2)
FN:82,(anonymous_3)
FNF:4
FNH:4
FNDA:7,(anonymous_0)
FNDA:7,(anonymous_1)
FNDA:1,(anonymous_2)
FNDA:2,(anonymous_3)
DA:11,1
DA:14,1
DA:35,7
DA:48,7
DA:49,1
DA:53,6
DA:54,1
DA:57,5
DA:67,1
DA:68,0
DA:73,1
DA:74,1
DA:83,2
LF:13
LH:12
BRDA:48,0,0,1
BRDA:48,1,0,7
BRDA:48,1,1,6
BRDA:53,2,0,1
BRDA:67,3,0,0
BRF:5
BRH:4
end_of_record
TN:
SF:src/NotificationSystem.ts
FN:20,(anonymous_0)
FN:33,(anonymous_1)
FN:59,(anonymous_2)
FN:75,(anonymous_3)
FN:132,(anonymous_4)
FNF:5
FNH:4
FNDA:18,(anonymous_0)
FNDA:22,(anonymous_1)
FNDA:4,(anonymous_2)
FNDA:18,(anonymous_3)
FNDA:0,(anonymous_4)
DA:10,2
DA:21,18
DA:22,18
DA:34,22
DA:36,1
DA:38,17
DA:40,1
DA:42,1
DA:44,1
DA:46,0
DA:48,0
DA:50,1
DA:60,4
DA:61,4
DA:83,18
DA:87,1
DA:90,17
DA:94,1
DA:97,16
DA:101,1
DA:104,15
DA:108,1
DA:111,14
DA:115,1
DA:119,13
DA:120,13
DA:121,13
DA:122,13
DA:123,13
DA:124,13
DA:133,0
LF:31
LH:28
BRDA:34,0,0,1
BRDA:34,0,1,17
BRDA:34,0,2,1
BRDA:34,0,3,1
BRDA:34,0,4,1
BRDA:34,0,5,0
BRDA:34,0,6,0
BRDA:34,0,7,1
BRDA:83,1,0,1
BRDA:84,2,0,18
BRDA:84,2,1,17
BRDA:90,3,0,1
BRDA:91,4,0,17
BRDA:91,4,1,16
BRDA:97,5,0,1
BRDA:98,6,0,16
BRDA:98,6,1,15
BRDA:104,7,0,1
BRDA:105,8,0,15
BRDA:105,8,1,14
BRDA:111,9,0,1
BRDA:112,10,0,14
BRDA:112,10,1,14
BRF:23
BRH:21
end_of_record
TN:
SF:src/Task.ts
FN:42,(anonymous_0)
FN:75,(anonymous_1)
FN:87,(anonymous_2)
FN:101,(anonymous_3)
FN:115,(anonymous_4)
FN:127,(anonymous_5)
FN:136,(anonymous_6)
FN:148,(anonymous_7)
FN:160,(anonymous_8)
FN:170,(anonymous_9)
FN:177,(anonymous_10)
FN:184,(anonymous_11)
FN:193,(anonymous_12)
FN:203,(anonymous_13)
FN:213,(anonymous_14)
FN:225,(anonymous_15)
FN:235,(anonymous_16)
FN:245,(anonymous_17)
FN:255,(anonymous_18)
FN:265,(anonymous_19)
FN:276,(anonymous_20)
FNF:21
FNH:20
FNDA:23,(anonymous_0)
FNDA:111,(anonymous_1)
FNDA:23,(anonymous_2)
FNDA:20,(anonymous_3)
FNDA:21,(anonymous_4)
FNDA:1,(anonymous_5)
FNDA:1,(anonymous_6)
FNDA:1,(anonymous_7)
FNDA:1,(anonymous_8)
FNDA:1,(anonymous_9)
FNDA:1,(anonymous_10)
FNDA:0,(anonymous_11)
FNDA:23,(anonymous_12)
FNDA:23,(anonymous_13)
FNDA:23,(anonymous_14)
FNDA:22,(anonymous_15)
FNDA:22,(anonymous_16)
FNDA:21,(anonymous_17)
FNDA:21,(anonymous_18)
FNDA:20,(anonymous_19)
FNDA:5,(anonymous_20)
DA:11,2
DA:22,2
DA:28,2
DA:53,23
DA:54,23
DA:55,23
DA:58,22
DA:59,22
DA:60,21
DA:61,21
DA:62,20
DA:64,19
DA:76,111
DA:77,1
DA:88,23
DA:89,1
DA:102,20
DA:103,1
DA:116,21
DA:117,1
DA:128,1
DA:137,1
DA:138,1
DA:140,1
DA:149,1
DA:150,1
DA:152,1
DA:161,1
DA:162,0
DA:164,1
DA:171,1
DA:178,1
DA:185,0
DA:194,23
DA:195,23
DA:204,23
DA:205,23
DA:216,23
DA:217,22
DA:226,22
DA:227,22
DA:236,22
DA:237,21
DA:246,21
DA:247,21
DA:256,21
DA:257,20
DA:266,20
DA:267,19
DA:277,5
LF:50
LH:48
BRDA:76,0,0,1
BRDA:76,1,0,111
BRDA:76,1,1,110
BRDA:88,2,0,1
BRDA:102,3,0,1
BRDA:116,4,0,1
BRDA:116,5,0,21
BRDA:116,5,1,21
BRDA:128,6,0,1
BRDA:128,6,1,1
BRDA:137,7,0,1
BRDA:149,8,0,1
BRDA:161,9,0,0
BRF:13
BRH:12
end_of_record
TN:
SF:src/TaskManager.ts
FN:28,(anonymous_0)
FN:40,(anonymous_1)
FN:52,(anonymous_2)
FN:71,(anonymous_3)
FN:92,(anonymous_4)
FN:93,(anonymous_5)
FN:97,(anonymous_6)
FN:112,(anonymous_7)
FN:113,(anonymous_8)
FN:120,(anonymous_9)
FN:128,(anonymous_10)
FN:134,(anonymous_11)
FN:149,(anonymous_12)
FN:173,(anonymous_13)
FN:187,(anonymous_14)
FN:206,(anonymous_15)
FNF:16
FNH:16
FNDA:9,(anonymous_0)
FNDA:10,(anonymous_1)
FNDA:2,(anonymous_2)
FNDA:8,(anonymous_3)
FNDA:1,(anonymous_4)
FNDA:1,(anonymous_5)
FNDA:1,(anonymous_6)
FNDA:1,(anonymous_7)
FNDA:1,(anonymous_8)
FNDA:1,(anonymous_9)
FNDA:2,(anonymous_10)
FNDA:2,(anonymous_11)
FNDA:12,(anonymous_12)
FNDA:9,(anonymous_13)
FNDA:1,(anonymous_14)
FNDA:1,(anonymous_15)
DA:11,1
DA:15,1
DA:22,9
DA:29,9
DA:30,9
DA:41,10
DA:42,1
DA:45,9
DA:46,0
DA:49,9
DA:52,9
DA:53,1
DA:57,8
DA:59,8
DA:72,8
DA:73,0
DA:75,8
DA:76,8
DA:77,8
DA:78,8
DA:79,8
DA:93,1
DA:94,1
DA:97,1
DA:98,0
DA:100,1
DA:101,1
DA:102,1
DA:113,1
DA:114,1
DA:115,0
DA:116,1
DA:117,1
DA:118,1
DA:120,1
DA:121,1
DA:129,2
DA:130,1
DA:131,1
DA:134,1
DA:135,2
DA:150,12
DA:151,0
DA:155,0
DA:158,12
DA:174,9
DA:175,9
DA:177,0
DA:188,1
DA:189,1
DA:190,1
DA:192,1
DA:193,1
DA:194,1
DA:195,1
DA:207,1
DA:208,1
DA:209,1
DA:212,1
DA:213,1
DA:214,1
DA:215,1
LF:62
LH:55
BRDA:41,0,0,1
BRDA:41,1,0,10
BRDA:41,1,1,10
BRDA:45,2,0,0
BRDA:52,3,0,1
BRDA:72,4,0,0
BRDA:94,5,0,1
BRDA:94,5,1,0
BRDA:97,6,0,0
BRDA:114,7,0,0
BRDA:114,7,1,1
BRDA:116,8,0,1
BRDA:129,9,0,1
BRDA:150,10,0,0
BRDA:150,11,0,12
BRDA:150,11,1,12
BRDA:174,12,0,9
BRDA:174,12,1,0
BRDA:174,13,0,9
BRDA:174,13,1,9
BRDA:192,14,0,1
BRDA:192,15,0,1
BRDA:192,15,1,1
BRDA:212,16,0,1
BRF:24
BRH:17
end_of_record
TN:
SF:src/User.ts
FN:28,(anonymous_13)
FN:41,(anonymous_14)
FN:52,(anonymous_15)
FN:78,(anonymous_17)
FN:92,(anonymous_19)
FNF:5
FNH:5
FNDA:19,(anonymous_13)
FNDA:2,(anonymous_14)
FNDA:2,(anonymous_15)
FNDA:2,(anonymous_17)
FNDA:2,(anonymous_19)
DA:10,2
DA:11,2
DA:13,2
DA:29,19
DA:30,19
DA:31,19
DA:32,19
DA:42,2
DA:53,2
DA:54,1
DA:58,1
DA:59,1
DA:60,1
DA:61,1
DA:62,1
DA:66,0
DA:67,0
DA:79,2
DA:80,2
DA:82,0
DA:83,0
DA:93,2
LF:22
LH:18
BRDA:53,0,0,1
BRF:1
BRH:1
end_of_record
